<?xml version="1.0" encoding="UTF-8"?>
<robot generator="Robot 7.3.2 (Python 3.14.0 on win32)" generated="2026-02-27T18:49:19.358345" rpa="false" schemaversion="5">
<suite id="s1" name="Tests" source="c:\Workspace\robotcurses-api\tests">
<suite id="s1-s1" name="Carrinhos" source="c:\Workspace\robotcurses-api\tests\carrinhos.robot">
<test id="s1-s1-t1" name="Criar carrinho" line="8">
<kw name="Create User and Login" owner="utils" type="SETUP">
<kw name="Create Serverest Session" owner="session">
<kw name="Create Session" owner="RequestsLibrary">
<msg time="2026-02-27T18:49:20.267776" level="INFO">Creating Session using : alias=serverest, url=https://serverest.dev, headers={},                     cookies={}, auth=None, timeout=None, proxies=None, verify=False,                     debug=0 </msg>
<arg>alias=${serverest.alias}</arg>
<arg>url=${serverest.url}</arg>
<arg>disable_warnings=${True}</arg>
<doc>Create Session: create a HTTP session to a server</doc>
<status status="PASS" start="2026-02-27T18:49:20.266665" elapsed="0.007653"/>
</kw>
<status status="PASS" start="2026-02-27T18:49:20.265505" elapsed="0.009692"/>
</kw>
<kw name="Set Local Variable" owner="BuiltIn">
<msg time="2026-02-27T18:49:20.279265" level="INFO">${email} = diazjames@example.net</msg>
<arg>${email}</arg>
<arg>${FakerData.email()}</arg>
<doc>Makes a variable available everywhere within the local scope.</doc>
<status status="PASS" start="2026-02-27T18:49:20.276052" elapsed="0.004990"/>
</kw>
<kw name="POST Usuarios" owner="post_usuarios">
<kw name="Create Dictionary" owner="BuiltIn">
<msg time="2026-02-27T18:49:20.284058" level="INFO">${body} = {'nome': 'Rabelos', 'email': 'diazjames@example.net', 'password': '1234', 'administrador': 'true'}</msg>
<var>${body}</var>
<arg>nome=Rabelos</arg>
<arg>email=${email}</arg>
<arg>password=1234</arg>
<arg>administrador=true</arg>
<doc>Creates and returns a dictionary based on the given ``items``.</doc>
<status status="PASS" start="2026-02-27T18:49:20.282843" elapsed="0.002658"/>
</kw>
<kw name="POST On Session" owner="RequestsLibrary">
<msg time="2026-02-27T18:49:20.679126" level="INFO">POST Request : url=https://serverest.dev/usuarios 
 path_url=/usuarios 
 headers={'User-Agent': 'python-requests/2.32.5', 'Accept-Encoding': 'gzip, deflate, zstd', 'Accept': '*/*', 'Connection': 'keep-alive', 'Content-Length': '98', 'Content-Type': 'application/json'} 
 body=b'{"nome": "Rabelos", "email": "diazjames@example.net", "password": "1234", "administrador": "true"}' 
 </msg>
<msg time="2026-02-27T18:49:20.679592" level="INFO">POST Response : url=https://serverest.dev/usuarios 
 status=201, reason=Created 
 headers={'access-control-allow-origin': '*', 'x-dns-prefetch-control': 'off', 'x-frame-options': 'SAMEORIGIN', 'strict-transport-security': 'max-age=15552000; includeSubDomains', 'x-download-options': 'noopen', 'x-content-type-options': 'nosniff', 'x-xss-protection': '1; mode=block', 'content-type': 'application/json; charset=utf-8', 'x-cloud-trace-context': '23ead0e07d34d46678901ce294fbcf7c', 'date': 'Fri, 27 Feb 2026 21:49:19 GMT', 'server': 'Google Frontend', 'Content-Length': '82'} 
 body={
    "message": "Cadastro realizado com sucesso",
    "_id": "t6DuHxnb0M89vWhN"
} 
 </msg>
<msg time="2026-02-27T18:49:20.679961" level="INFO">${response} = &lt;Response [201]&gt;</msg>
<var>${response}</var>
<arg>alias=${serverest.alias}</arg>
<arg>url=/usuarios</arg>
<arg>json=${body}</arg>
<arg>expected_status=201</arg>
<doc>Sends a POST request on a previously created HTTP Session.</doc>
<status status="PASS" start="2026-02-27T18:49:20.286335" elapsed="0.393742"/>
</kw>
<return>
<value>${response}</value>
<status status="PASS" start="2026-02-27T18:49:20.680318" elapsed="0.000187"/>
</return>
<arg>email=${email}</arg>
<status status="PASS" start="2026-02-27T18:49:20.281861" elapsed="0.398904"/>
</kw>
<kw name="Login On Serverest" owner="login">
<kw name="Create Dictionary" owner="BuiltIn">
<msg time="2026-02-27T18:49:20.682059" level="INFO">${body} = {'email': 'diazjames@example.net', 'password': '1234'}</msg>
<var>${body}</var>
<arg>email=${email}</arg>
<arg>password=${password}</arg>
<doc>Creates and returns a dictionary based on the given ``items``.</doc>
<status status="PASS" start="2026-02-27T18:49:20.681689" elapsed="0.001229"/>
</kw>
<kw name="POST On Session" owner="RequestsLibrary">
<msg time="2026-02-27T18:49:20.843561" level="INFO">POST Request : url=https://serverest.dev/login 
 path_url=/login 
 headers={'User-Agent': 'python-requests/2.32.5', 'Accept-Encoding': 'gzip, deflate, zstd', 'Accept': '*/*', 'Connection': 'keep-alive', 'Content-Length': '54', 'Content-Type': 'application/json'} 
 body=b'{"email": "diazjames@example.net", "password": "1234"}' 
 </msg>
<msg time="2026-02-27T18:49:20.843905" level="INFO">POST Response : url=https://serverest.dev/login 
 status=200, reason=OK 
 headers={'access-control-allow-origin': '*', 'x-dns-prefetch-control': 'off', 'x-frame-options': 'SAMEORIGIN', 'strict-transport-security': 'max-age=15552000; includeSubDomains', 'x-download-options': 'noopen', 'x-content-type-options': 'nosniff', 'x-xss-protection': '1; mode=block', 'content-type': 'application/json; charset=utf-8', 'x-cloud-trace-context': '212834acb4d1a85e78901ce294fbc15b', 'date': 'Fri, 27 Feb 2026 21:49:19 GMT', 'server': 'Google Frontend', 'Content-Length': '275'} 
 body={
    "message": "Login realizado com sucesso",
    "authorization": "Bearer eyJhbGciOiJIUzI1NiIsInR5cCI6IkpXVCJ9.eyJlbWFpbCI6ImRpYXpqYW1lc0BleGFtcGxlLm5ldCIsInBhc3N3b3JkIjoiMTIzNCIsImlhdCI6MTc3MjIyODk1OSwiZXhwIjoxNzcyMjI5NTU5fQ.K4CxgOTfFjCVpCXxWk6Xw3xXaCGJz2E0kVQGc5MRWFc"
} 
 </msg>
<msg time="2026-02-27T18:49:20.844196" level="INFO">${response} = &lt;Response [200]&gt;</msg>
<var>${response}</var>
<arg>alias=${serverest.alias}</arg>
<arg>url=/login</arg>
<arg>json=${body}</arg>
<arg>expected_status=${expected_status}</arg>
<doc>Sends a POST request on a previously created HTTP Session.</doc>
<status status="PASS" start="2026-02-27T18:49:20.683311" elapsed="0.161009"/>
</kw>
<kw name="Create Dictionary" owner="BuiltIn">
<msg time="2026-02-27T18:49:20.845941" level="INFO">${header} = {'Authorization': 'Bearer eyJhbGciOiJIUzI1NiIsInR5cCI6IkpXVCJ9.eyJlbWFpbCI6ImRpYXpqYW1lc0BleGFtcGxlLm5ldCIsInBhc3N3b3JkIjoiMTIzNCIsImlhdCI6MTc3MjIyODk1OSwiZXhwIjoxNzcyMjI5NTU5fQ.K4CxgOTfFjCVpCXxWk6Xw3...</msg>
<var>${header}</var>
<arg>Authorization=${response.json()['authorization']}</arg>
<doc>Creates and returns a dictionary based on the given ``items``.</doc>
<status status="PASS" start="2026-02-27T18:49:20.844911" elapsed="0.001222"/>
</kw>
<kw name="Update Session" owner="RequestsLibrary">
<arg>alias=${serverest.alias}</arg>
<arg>headers=${header}</arg>
<doc>Updates HTTP Session Headers and Cookies.</doc>
<status status="PASS" start="2026-02-27T18:49:20.846352" elapsed="0.001054"/>
</kw>
<return>
<value>${response}</value>
<status status="PASS" start="2026-02-27T18:49:20.847581" elapsed="0.000117"/>
</return>
<arg>email=${email}</arg>
<arg>password=1234</arg>
<status status="PASS" start="2026-02-27T18:49:20.681133" elapsed="0.166721"/>
</kw>
<status status="PASS" start="2026-02-27T18:49:20.263726" elapsed="0.584226"/>
</kw>
<kw name="POST Produtos" owner="post_produtos">
<kw name="Create Dictionary" owner="BuiltIn">
<msg time="2026-02-27T18:49:20.850642" level="INFO">${body} = {'nome': 'produto_358', 'preco': '27', 'descricao': 'MOUSE', 'quantidade': '100'}</msg>
<var>${body}</var>
<arg>nome=${nome}</arg>
<arg>preco=${preco}</arg>
<arg>descricao=${descricao}</arg>
<arg>quantidade=${quantidade}</arg>
<doc>Creates and returns a dictionary based on the given ``items``.</doc>
<status status="PASS" start="2026-02-27T18:49:20.850108" elapsed="0.001239"/>
</kw>
<kw name="POST On Session" owner="RequestsLibrary">
<msg time="2026-02-27T18:49:21.018922" level="INFO">POST Request : url=https://serverest.dev/produtos 
 path_url=/produtos 
 headers={'User-Agent': 'python-requests/2.32.5', 'Accept-Encoding': 'gzip, deflate, zstd', 'Accept': '*/*', 'Connection': 'keep-alive', 'Authorization': 'Bearer eyJhbGciOiJIUzI1NiIsInR5cCI6IkpXVCJ9.eyJlbWFpbCI6ImRpYXpqYW1lc0BleGFtcGxlLm5ldCIsInBhc3N3b3JkIjoiMTIzNCIsImlhdCI6MTc3MjIyODk1OSwiZXhwIjoxNzcyMjI5NTU5fQ.K4CxgOTfFjCVpCXxWk6Xw3xXaCGJz2E0kVQGc5MRWFc', 'Content-Length': '81', 'Content-Type': 'application/json'} 
 body=b'{"nome": "produto_358", "preco": "27", "descricao": "MOUSE", "quantidade": "100"}' 
 </msg>
<msg time="2026-02-27T18:49:21.019401" level="INFO">POST Response : url=https://serverest.dev/produtos 
 status=201, reason=Created 
 headers={'access-control-allow-origin': '*', 'x-dns-prefetch-control': 'off', 'x-frame-options': 'SAMEORIGIN', 'strict-transport-security': 'max-age=15552000; includeSubDomains', 'x-download-options': 'noopen', 'x-content-type-options': 'nosniff', 'x-xss-protection': '1; mode=block', 'content-type': 'application/json; charset=utf-8', 'x-cloud-trace-context': '98fca8900e1e85cb78901ce294fbcd2c', 'date': 'Fri, 27 Feb 2026 21:49:20 GMT', 'server': 'Google Frontend', 'Content-Length': '82'} 
 body={
    "message": "Cadastro realizado com sucesso",
    "_id": "Ie523CBDlnxukAQs"
} 
 </msg>
<msg time="2026-02-27T18:49:21.019675" level="INFO">${response} = &lt;Response [201]&gt;</msg>
<var>${response}</var>
<arg>alias=${serverest.alias}</arg>
<arg>url=/produtos</arg>
<arg>json=${body}</arg>
<arg>expected_status=201</arg>
<doc>Sends a POST request on a previously created HTTP Session.</doc>
<status status="PASS" start="2026-02-27T18:49:20.851670" elapsed="0.168087"/>
</kw>
<return>
<value>${response}</value>
<status status="PASS" start="2026-02-27T18:49:21.019931" elapsed="0.000124"/>
</return>
<msg time="2026-02-27T18:49:21.020274" level="INFO">${response} = &lt;Response [201]&gt;</msg>
<var>${response}</var>
<arg>produto_${FakerData.random_number(digits=3)}</arg>
<arg>27</arg>
<arg>MOUSE</arg>
<arg>100</arg>
<status status="PASS" start="2026-02-27T18:49:20.848738" elapsed="0.172307"/>
</kw>
<kw name="POST Carrinho" owner="post_carrinho">
<kw name="Contracts Post Carrinhos" owner="carrinho">
<msg time="2026-02-27T18:49:21.026580" level="INFO">${body} = {'produtos': [{'idProduto': 'Ie523CBDlnxukAQs', 'quantidade': '100'}]}</msg>
<var>${body}</var>
<arg>id_produto=${id_produtos}</arg>
<arg>quantidade=${quantidade}</arg>
<status status="PASS" start="2026-02-27T18:49:21.025367" elapsed="0.003042"/>
</kw>
<kw name="POST On Session" owner="RequestsLibrary">
<msg time="2026-02-27T18:49:21.210099" level="INFO">POST Request : url=https://serverest.dev/carrinhos 
 path_url=/carrinhos 
 headers={'User-Agent': 'python-requests/2.32.5', 'Accept-Encoding': 'gzip, deflate, zstd', 'Accept': '*/*', 'Connection': 'keep-alive', 'Authorization': 'Bearer eyJhbGciOiJIUzI1NiIsInR5cCI6IkpXVCJ9.eyJlbWFpbCI6ImRpYXpqYW1lc0BleGFtcGxlLm5ldCIsInBhc3N3b3JkIjoiMTIzNCIsImlhdCI6MTc3MjIyODk1OSwiZXhwIjoxNzcyMjI5NTU5fQ.K4CxgOTfFjCVpCXxWk6Xw3xXaCGJz2E0kVQGc5MRWFc', 'Content-Length': '70', 'Content-Type': 'application/json'} 
 body=b'{"produtos": [{"idProduto": "Ie523CBDlnxukAQs", "quantidade": "100"}]}' 
 </msg>
<msg time="2026-02-27T18:49:21.210645" level="INFO">POST Response : url=https://serverest.dev/carrinhos 
 status=201, reason=Created 
 headers={'access-control-allow-origin': '*', 'x-dns-prefetch-control': 'off', 'x-frame-options': 'SAMEORIGIN', 'strict-transport-security': 'max-age=15552000; includeSubDomains', 'x-download-options': 'noopen', 'x-content-type-options': 'nosniff', 'x-xss-protection': '1; mode=block', 'content-type': 'application/json; charset=utf-8', 'x-cloud-trace-context': '181beb2d9314affe78901ce294fbc212', 'date': 'Fri, 27 Feb 2026 21:49:20 GMT', 'server': 'Google Frontend', 'Content-Length': '82'} 
 body={
    "message": "Cadastro realizado com sucesso",
    "_id": "2YeVB6btkGTxpoSw"
} 
 </msg>
<msg time="2026-02-27T18:49:21.211112" level="INFO">${response} = &lt;Response [201]&gt;</msg>
<var>${response}</var>
<arg>alias=${serverest.alias}</arg>
<arg>url=/carrinhos</arg>
<arg>json=${body}</arg>
<arg>expected_status=${expected_status}</arg>
<doc>Sends a POST request on a previously created HTTP Session.</doc>
<status status="PASS" start="2026-02-27T18:49:21.029945" elapsed="0.181426"/>
</kw>
<return>
<value>${response}</value>
<status status="PASS" start="2026-02-27T18:49:21.211700" elapsed="0.000298"/>
</return>
<arg>id_produtos=${response.json()['_id']}</arg>
<arg>quantidade=100</arg>
<status status="PASS" start="2026-02-27T18:49:21.022889" elapsed="0.189641"/>
</kw>
<kw name="Assert POST Carrinhos" owner="post_carrinho">
<if>
<branch type="IF" condition="${response.status_code} == ${201}">
<kw name="Should Be Equal" owner="BuiltIn">
<arg>${response.json()['message']}</arg>
<arg>${message}</arg>
<doc>Fails if the given objects are unequal.</doc>
<status status="PASS" start="2026-02-27T18:49:21.216868" elapsed="0.000875"/>
</kw>
<kw name="Should Not Be Empty" owner="BuiltIn">
<msg time="2026-02-27T18:49:21.219115" level="INFO">Length is 16.</msg>
<arg>${response.json()['_id']}</arg>
<doc>Verifies that the given item is not empty.</doc>
<status status="PASS" start="2026-02-27T18:49:21.218058" elapsed="0.001738"/>
</kw>
<status status="PASS" start="2026-02-27T18:49:21.214949" elapsed="0.005169"/>
</branch>
<branch type="ELSE IF" condition="${response.status_code} == ${400} or ${response.status_code} == ${401}">
<kw name="Should Be Equal" owner="BuiltIn">
<arg>${response.json()['message']}</arg>
<arg>${message}</arg>
<doc>Fails if the given objects are unequal.</doc>
<status status="NOT RUN" start="2026-02-27T18:49:21.221019" elapsed="0.000575"/>
</kw>
<status status="NOT RUN" start="2026-02-27T18:49:21.220397" elapsed="0.001540"/>
</branch>
<status status="PASS" start="2026-02-27T18:49:21.214833" elapsed="0.007466"/>
</if>
<arg>${response}</arg>
<arg>Cadastro realizado com sucesso</arg>
<status status="PASS" start="2026-02-27T18:49:21.213869" elapsed="0.008639"/>
</kw>
<kw name="DELETE Concluir Carrinho" owner="delete_carrinho">
<if>
<branch type="IF" condition="${unauthorized}">
<kw name="Create Dictionary" owner="BuiltIn">
<var>${header}</var>
<arg>Authorization=${None}</arg>
<doc>Creates and returns a dictionary based on the given ``items``.</doc>
<status status="NOT RUN" start="2026-02-27T18:49:21.225919" elapsed="0.000335"/>
</kw>
<kw name="Update Session" owner="RequestsLibrary">
<arg>alias=${serverest.alias}</arg>
<arg>headers=${header}</arg>
<doc>Updates HTTP Session Headers and Cookies.</doc>
<status status="NOT RUN" start="2026-02-27T18:49:21.226765" elapsed="0.000247"/>
</kw>
<status status="NOT RUN" start="2026-02-27T18:49:21.225272" elapsed="0.001906"/>
</branch>
<status status="PASS" start="2026-02-27T18:49:21.225171" elapsed="0.002128"/>
</if>
<kw name="DELETE On Session" owner="RequestsLibrary">
<msg time="2026-02-27T18:49:21.396250" level="INFO">DELETE Request : url=https://serverest.dev/carrinhos/concluir-compra 
 path_url=/carrinhos/concluir-compra 
 headers={'User-Agent': 'python-requests/2.32.5', 'Accept-Encoding': 'gzip, deflate, zstd', 'Accept': '*/*', 'Connection': 'keep-alive', 'Authorization': 'Bearer eyJhbGciOiJIUzI1NiIsInR5cCI6IkpXVCJ9.eyJlbWFpbCI6ImRpYXpqYW1lc0BleGFtcGxlLm5ldCIsInBhc3N3b3JkIjoiMTIzNCIsImlhdCI6MTc3MjIyODk1OSwiZXhwIjoxNzcyMjI5NTU5fQ.K4CxgOTfFjCVpCXxWk6Xw3xXaCGJz2E0kVQGc5MRWFc', 'Content-Length': '0'} 
 body=None 
 </msg>
<msg time="2026-02-27T18:49:21.397321" level="INFO">DELETE Response : url=https://serverest.dev/carrinhos/concluir-compra 
 status=200, reason=OK 
 headers={'access-control-allow-origin': '*', 'x-dns-prefetch-control': 'off', 'x-frame-options': 'SAMEORIGIN', 'strict-transport-security': 'max-age=15552000; includeSubDomains', 'x-download-options': 'noopen', 'x-content-type-options': 'nosniff', 'x-xss-protection': '1; mode=block', 'content-type': 'application/json; charset=utf-8', 'x-cloud-trace-context': '87969f7e70ae119078901ce294fbcf54', 'date': 'Fri, 27 Feb 2026 21:49:20 GMT', 'server': 'Google Frontend', 'Content-Length': '51'} 
 body={
    "message": "Registro excluído com sucesso"
} 
 </msg>
<msg time="2026-02-27T18:49:21.397831" level="INFO">${response} = &lt;Response [200]&gt;</msg>
<var>${response}</var>
<arg>alias=${serverest.alias}</arg>
<arg>url=/carrinhos/concluir-compra</arg>
<arg>expected_status=${expected_status}</arg>
<doc>Sends a DELETE request on a previously created HTTP Session.</doc>
<status status="PASS" start="2026-02-27T18:49:21.227605" elapsed="0.170356"/>
</kw>
<return>
<value>${response}</value>
<status status="PASS" start="2026-02-27T18:49:21.398152" elapsed="0.000146"/>
</return>
<msg time="2026-02-27T18:49:21.398744" level="INFO">${response_delete_carrinho} = &lt;Response [200]&gt;</msg>
<var>${response_delete_carrinho}</var>
<status status="PASS" start="2026-02-27T18:49:21.223954" elapsed="0.175023"/>
</kw>
<kw name="Assert DELETE Concluir Carrinho" owner="delete_carrinho">
<kw name="Should Be Equal" owner="BuiltIn">
<arg>${response.json()['message']}</arg>
<arg>${message}</arg>
<doc>Fails if the given objects are unequal.</doc>
<status status="PASS" start="2026-02-27T18:49:21.400952" elapsed="0.001394"/>
</kw>
<arg>${response_delete_carrinho}</arg>
<arg>Registro excluído com sucesso</arg>
<status status="PASS" start="2026-02-27T18:49:21.399888" elapsed="0.002941"/>
</kw>
<status status="PASS" start="2026-02-27T18:49:20.261778" elapsed="1.141820"/>
</test>
<test id="s1-s1-t2" name="Concluir Carrinho sem usuario associado" line="21">
<kw name="Create User and Login" owner="utils" type="SETUP">
<kw name="Create Serverest Session" owner="session">
<kw name="Create Session" owner="RequestsLibrary">
<msg time="2026-02-27T18:49:21.412656" level="INFO">Creating Session using : alias=serverest, url=https://serverest.dev, headers={},                     cookies={}, auth=None, timeout=None, proxies=None, verify=False,                     debug=0 </msg>
<arg>alias=${serverest.alias}</arg>
<arg>url=${serverest.url}</arg>
<arg>disable_warnings=${True}</arg>
<doc>Create Session: create a HTTP session to a server</doc>
<status status="PASS" start="2026-02-27T18:49:21.408843" elapsed="0.005040"/>
</kw>
<status status="PASS" start="2026-02-27T18:49:21.407976" elapsed="0.006382"/>
</kw>
<kw name="Set Local Variable" owner="BuiltIn">
<msg time="2026-02-27T18:49:21.417236" level="INFO">${email} = william64@example.com</msg>
<arg>${email}</arg>
<arg>${FakerData.email()}</arg>
<doc>Makes a variable available everywhere within the local scope.</doc>
<status status="PASS" start="2026-02-27T18:49:21.414872" elapsed="0.002651"/>
</kw>
<kw name="POST Usuarios" owner="post_usuarios">
<kw name="Create Dictionary" owner="BuiltIn">
<msg time="2026-02-27T18:49:21.418661" level="INFO">${body} = {'nome': 'Rabelos', 'email': 'william64@example.com', 'password': '1234', 'administrador': 'true'}</msg>
<var>${body}</var>
<arg>nome=Rabelos</arg>
<arg>email=${email}</arg>
<arg>password=1234</arg>
<arg>administrador=true</arg>
<doc>Creates and returns a dictionary based on the given ``items``.</doc>
<status status="PASS" start="2026-02-27T18:49:21.418253" elapsed="0.000654"/>
</kw>
<kw name="POST On Session" owner="RequestsLibrary">
<msg time="2026-02-27T18:49:21.781456" level="INFO">POST Request : url=https://serverest.dev/usuarios 
 path_url=/usuarios 
 headers={'User-Agent': 'python-requests/2.32.5', 'Accept-Encoding': 'gzip, deflate, zstd', 'Accept': '*/*', 'Connection': 'keep-alive', 'Content-Length': '98', 'Content-Type': 'application/json'} 
 body=b'{"nome": "Rabelos", "email": "william64@example.com", "password": "1234", "administrador": "true"}' 
 </msg>
<msg time="2026-02-27T18:49:21.781959" level="INFO">POST Response : url=https://serverest.dev/usuarios 
 status=201, reason=Created 
 headers={'access-control-allow-origin': '*', 'x-dns-prefetch-control': 'off', 'x-frame-options': 'SAMEORIGIN', 'strict-transport-security': 'max-age=15552000; includeSubDomains', 'x-download-options': 'noopen', 'x-content-type-options': 'nosniff', 'x-xss-protection': '1; mode=block', 'content-type': 'application/json; charset=utf-8', 'x-cloud-trace-context': '6a82e94ac2d14dfbd735968a1f8c4a24', 'date': 'Fri, 27 Feb 2026 21:49:20 GMT', 'server': 'Google Frontend', 'Content-Length': '82'} 
 body={
    "message": "Cadastro realizado com sucesso",
    "_id": "Bjte0vN5bhKUGdYK"
} 
 </msg>
<msg time="2026-02-27T18:49:21.782366" level="INFO">${response} = &lt;Response [201]&gt;</msg>
<var>${response}</var>
<arg>alias=${serverest.alias}</arg>
<arg>url=/usuarios</arg>
<arg>json=${body}</arg>
<arg>expected_status=201</arg>
<doc>Sends a POST request on a previously created HTTP Session.</doc>
<status status="PASS" start="2026-02-27T18:49:21.419204" elapsed="0.363267"/>
</kw>
<return>
<value>${response}</value>
<status status="PASS" start="2026-02-27T18:49:21.782622" elapsed="0.000121"/>
</return>
<arg>email=${email}</arg>
<status status="PASS" start="2026-02-27T18:49:21.417846" elapsed="0.365073"/>
</kw>
<kw name="Login On Serverest" owner="login">
<kw name="Create Dictionary" owner="BuiltIn">
<msg time="2026-02-27T18:49:21.784092" level="INFO">${body} = {'email': 'william64@example.com', 'password': '1234'}</msg>
<var>${body}</var>
<arg>email=${email}</arg>
<arg>password=${password}</arg>
<doc>Creates and returns a dictionary based on the given ``items``.</doc>
<status status="PASS" start="2026-02-27T18:49:21.783725" elapsed="0.000520"/>
</kw>
<kw name="POST On Session" owner="RequestsLibrary">
<msg time="2026-02-27T18:49:21.941587" level="INFO">POST Request : url=https://serverest.dev/login 
 path_url=/login 
 headers={'User-Agent': 'python-requests/2.32.5', 'Accept-Encoding': 'gzip, deflate, zstd', 'Accept': '*/*', 'Connection': 'keep-alive', 'Content-Length': '54', 'Content-Type': 'application/json'} 
 body=b'{"email": "william64@example.com", "password": "1234"}' 
 </msg>
<msg time="2026-02-27T18:49:21.941860" level="INFO">POST Response : url=https://serverest.dev/login 
 status=200, reason=OK 
 headers={'access-control-allow-origin': '*', 'x-dns-prefetch-control': 'off', 'x-frame-options': 'SAMEORIGIN', 'strict-transport-security': 'max-age=15552000; includeSubDomains', 'x-download-options': 'noopen', 'x-content-type-options': 'nosniff', 'x-xss-protection': '1; mode=block', 'content-type': 'application/json; charset=utf-8', 'x-cloud-trace-context': '6246b1207b063095d735968a1f8c49e0', 'date': 'Fri, 27 Feb 2026 21:49:21 GMT', 'server': 'Google Frontend', 'Content-Length': '275'} 
 body={
    "message": "Login realizado com sucesso",
    "authorization": "Bearer eyJhbGciOiJIUzI1NiIsInR5cCI6IkpXVCJ9.eyJlbWFpbCI6IndpbGxpYW02NEBleGFtcGxlLmNvbSIsInBhc3N3b3JkIjoiMTIzNCIsImlhdCI6MTc3MjIyODk2MSwiZXhwIjoxNzcyMjI5NTYxfQ.zwss9AXIWoGKvK3r6-IqYjm9HIPQMDZlBZV54XvssmA"
} 
 </msg>
<msg time="2026-02-27T18:49:21.942044" level="INFO">${response} = &lt;Response [200]&gt;</msg>
<var>${response}</var>
<arg>alias=${serverest.alias}</arg>
<arg>url=/login</arg>
<arg>json=${body}</arg>
<arg>expected_status=${expected_status}</arg>
<doc>Sends a POST request on a previously created HTTP Session.</doc>
<status status="PASS" start="2026-02-27T18:49:21.784465" elapsed="0.157651"/>
</kw>
<kw name="Create Dictionary" owner="BuiltIn">
<msg time="2026-02-27T18:49:21.942943" level="INFO">${header} = {'Authorization': 'Bearer eyJhbGciOiJIUzI1NiIsInR5cCI6IkpXVCJ9.eyJlbWFpbCI6IndpbGxpYW02NEBleGFtcGxlLmNvbSIsInBhc3N3b3JkIjoiMTIzNCIsImlhdCI6MTc3MjIyODk2MSwiZXhwIjoxNzcyMjI5NTYxfQ.zwss9AXIWoGKvK3r6-IqYj...</msg>
<var>${header}</var>
<arg>Authorization=${response.json()['authorization']}</arg>
<doc>Creates and returns a dictionary based on the given ``items``.</doc>
<status status="PASS" start="2026-02-27T18:49:21.942352" elapsed="0.000689"/>
</kw>
<kw name="Update Session" owner="RequestsLibrary">
<arg>alias=${serverest.alias}</arg>
<arg>headers=${header}</arg>
<doc>Updates HTTP Session Headers and Cookies.</doc>
<status status="PASS" start="2026-02-27T18:49:21.943209" elapsed="0.000844"/>
</kw>
<return>
<value>${response}</value>
<status status="PASS" start="2026-02-27T18:49:21.944202" elapsed="0.000101"/>
</return>
<arg>email=${email}</arg>
<arg>password=1234</arg>
<status status="PASS" start="2026-02-27T18:49:21.783205" elapsed="0.161249"/>
</kw>
<status status="PASS" start="2026-02-27T18:49:21.406941" elapsed="0.537603"/>
</kw>
<kw name="DELETE Concluir Carrinho" owner="delete_carrinho">
<if>
<branch type="IF" condition="${unauthorized}">
<kw name="Create Dictionary" owner="BuiltIn">
<var>${header}</var>
<arg>Authorization=${None}</arg>
<doc>Creates and returns a dictionary based on the given ``items``.</doc>
<status status="NOT RUN" start="2026-02-27T18:49:21.946203" elapsed="0.000088"/>
</kw>
<kw name="Update Session" owner="RequestsLibrary">
<arg>alias=${serverest.alias}</arg>
<arg>headers=${header}</arg>
<doc>Updates HTTP Session Headers and Cookies.</doc>
<status status="NOT RUN" start="2026-02-27T18:49:21.947152" elapsed="0.000208"/>
</kw>
<status status="NOT RUN" start="2026-02-27T18:49:21.945898" elapsed="0.001584"/>
</branch>
<status status="PASS" start="2026-02-27T18:49:21.945849" elapsed="0.001717"/>
</if>
<kw name="DELETE On Session" owner="RequestsLibrary">
<msg time="2026-02-27T18:49:22.106137" level="INFO">DELETE Request : url=https://serverest.dev/carrinhos/concluir-compra 
 path_url=/carrinhos/concluir-compra 
 headers={'User-Agent': 'python-requests/2.32.5', 'Accept-Encoding': 'gzip, deflate, zstd', 'Accept': '*/*', 'Connection': 'keep-alive', 'Authorization': 'Bearer eyJhbGciOiJIUzI1NiIsInR5cCI6IkpXVCJ9.eyJlbWFpbCI6IndpbGxpYW02NEBleGFtcGxlLmNvbSIsInBhc3N3b3JkIjoiMTIzNCIsImlhdCI6MTc3MjIyODk2MSwiZXhwIjoxNzcyMjI5NTYxfQ.zwss9AXIWoGKvK3r6-IqYjm9HIPQMDZlBZV54XvssmA', 'Content-Length': '0'} 
 body=None 
 </msg>
<msg time="2026-02-27T18:49:22.106856" level="INFO">DELETE Response : url=https://serverest.dev/carrinhos/concluir-compra 
 status=200, reason=OK 
 headers={'access-control-allow-origin': '*', 'x-dns-prefetch-control': 'off', 'x-frame-options': 'SAMEORIGIN', 'strict-transport-security': 'max-age=15552000; includeSubDomains', 'x-download-options': 'noopen', 'x-content-type-options': 'nosniff', 'x-xss-protection': '1; mode=block', 'content-type': 'application/json; charset=utf-8', 'x-cloud-trace-context': 'dbbf59c73ec81c86d735968a1f8c4a54', 'date': 'Fri, 27 Feb 2026 21:49:21 GMT', 'server': 'Google Frontend', 'Content-Length': '68'} 
 body={
    "message": "Não foi encontrado carrinho para esse usuário"
} 
 </msg>
<msg time="2026-02-27T18:49:22.107567" level="INFO">${response} = &lt;Response [200]&gt;</msg>
<var>${response}</var>
<arg>alias=${serverest.alias}</arg>
<arg>url=/carrinhos/concluir-compra</arg>
<arg>expected_status=${expected_status}</arg>
<doc>Sends a DELETE request on a previously created HTTP Session.</doc>
<status status="PASS" start="2026-02-27T18:49:21.947717" elapsed="0.160272"/>
</kw>
<return>
<value>${response}</value>
<status status="PASS" start="2026-02-27T18:49:22.108262" elapsed="0.000237"/>
</return>
<msg time="2026-02-27T18:49:22.109005" level="INFO">${response_delete_carrinho} = &lt;Response [200]&gt;</msg>
<var>${response_delete_carrinho}</var>
<status status="PASS" start="2026-02-27T18:49:21.945223" elapsed="0.164008"/>
</kw>
<kw name="Assert DELETE Concluir Carrinho" owner="delete_carrinho">
<kw name="Should Be Equal" owner="BuiltIn">
<arg>${response.json()['message']}</arg>
<arg>${message}</arg>
<doc>Fails if the given objects are unequal.</doc>
<status status="PASS" start="2026-02-27T18:49:22.112184" elapsed="0.001237"/>
</kw>
<arg>${response_delete_carrinho}</arg>
<arg>Não foi encontrado carrinho para esse usuário</arg>
<status status="PASS" start="2026-02-27T18:49:22.110771" elapsed="0.002878"/>
</kw>
<status status="PASS" start="2026-02-27T18:49:21.405263" elapsed="0.708853"/>
</test>
<test id="s1-s1-t3" name="Concluir Carrinho com Token Ausente" line="25">
<kw name="Create User and Login" owner="utils" type="SETUP">
<kw name="Create Serverest Session" owner="session">
<kw name="Create Session" owner="RequestsLibrary">
<msg time="2026-02-27T18:49:22.123643" level="INFO">Creating Session using : alias=serverest, url=https://serverest.dev, headers={},                     cookies={}, auth=None, timeout=None, proxies=None, verify=False,                     debug=0 </msg>
<arg>alias=${serverest.alias}</arg>
<arg>url=${serverest.url}</arg>
<arg>disable_warnings=${True}</arg>
<doc>Create Session: create a HTTP session to a server</doc>
<status status="PASS" start="2026-02-27T18:49:22.121025" elapsed="0.003378"/>
</kw>
<status status="PASS" start="2026-02-27T18:49:22.119058" elapsed="0.005706"/>
</kw>
<kw name="Set Local Variable" owner="BuiltIn">
<msg time="2026-02-27T18:49:22.126465" level="INFO">${email} = andersoncrystal@example.net</msg>
<arg>${email}</arg>
<arg>${FakerData.email()}</arg>
<doc>Makes a variable available everywhere within the local scope.</doc>
<status status="PASS" start="2026-02-27T18:49:22.125059" elapsed="0.001857"/>
</kw>
<kw name="POST Usuarios" owner="post_usuarios">
<kw name="Create Dictionary" owner="BuiltIn">
<msg time="2026-02-27T18:49:22.129672" level="INFO">${body} = {'nome': 'Rabelos', 'email': 'andersoncrystal@example.net', 'password': '1234', 'administrador': 'true'}</msg>
<var>${body}</var>
<arg>nome=Rabelos</arg>
<arg>email=${email}</arg>
<arg>password=1234</arg>
<arg>administrador=true</arg>
<doc>Creates and returns a dictionary based on the given ``items``.</doc>
<status status="PASS" start="2026-02-27T18:49:22.128156" elapsed="0.002154"/>
</kw>
<kw name="POST On Session" owner="RequestsLibrary">
<msg time="2026-02-27T18:49:22.487873" level="INFO">POST Request : url=https://serverest.dev/usuarios 
 path_url=/usuarios 
 headers={'User-Agent': 'python-requests/2.32.5', 'Accept-Encoding': 'gzip, deflate, zstd', 'Accept': '*/*', 'Connection': 'keep-alive', 'Content-Length': '104', 'Content-Type': 'application/json'} 
 body=b'{"nome": "Rabelos", "email": "andersoncrystal@example.net", "password": "1234", "administrador": "true"}' 
 </msg>
<msg time="2026-02-27T18:49:22.488159" level="INFO">POST Response : url=https://serverest.dev/usuarios 
 status=201, reason=Created 
 headers={'access-control-allow-origin': '*', 'x-dns-prefetch-control': 'off', 'x-frame-options': 'SAMEORIGIN', 'strict-transport-security': 'max-age=15552000; includeSubDomains', 'x-download-options': 'noopen', 'x-content-type-options': 'nosniff', 'x-xss-protection': '1; mode=block', 'content-type': 'application/json; charset=utf-8', 'x-cloud-trace-context': '78d2f8fbcb613f5f117728f453233ef6', 'date': 'Fri, 27 Feb 2026 21:49:21 GMT', 'server': 'Google Frontend', 'Content-Length': '82'} 
 body={
    "message": "Cadastro realizado com sucesso",
    "_id": "qUVTqFG40VcGjEu7"
} 
 </msg>
<msg time="2026-02-27T18:49:22.488360" level="INFO">${response} = &lt;Response [201]&gt;</msg>
<var>${response}</var>
<arg>alias=${serverest.alias}</arg>
<arg>url=/usuarios</arg>
<arg>json=${body}</arg>
<arg>expected_status=201</arg>
<doc>Sends a POST request on a previously created HTTP Session.</doc>
<status status="PASS" start="2026-02-27T18:49:22.130979" elapsed="0.357456"/>
</kw>
<return>
<value>${response}</value>
<status status="PASS" start="2026-02-27T18:49:22.488566" elapsed="0.000121"/>
</return>
<arg>email=${email}</arg>
<status status="PASS" start="2026-02-27T18:49:22.127356" elapsed="0.361487"/>
</kw>
<kw name="Login On Serverest" owner="login">
<kw name="Create Dictionary" owner="BuiltIn">
<msg time="2026-02-27T18:49:22.490128" level="INFO">${body} = {'email': 'andersoncrystal@example.net', 'password': '1234'}</msg>
<var>${body}</var>
<arg>email=${email}</arg>
<arg>password=${password}</arg>
<doc>Creates and returns a dictionary based on the given ``items``.</doc>
<status status="PASS" start="2026-02-27T18:49:22.489594" elapsed="0.000761"/>
</kw>
<kw name="POST On Session" owner="RequestsLibrary">
<msg time="2026-02-27T18:49:22.658658" level="INFO">POST Request : url=https://serverest.dev/login 
 path_url=/login 
 headers={'User-Agent': 'python-requests/2.32.5', 'Accept-Encoding': 'gzip, deflate, zstd', 'Accept': '*/*', 'Connection': 'keep-alive', 'Content-Length': '60', 'Content-Type': 'application/json'} 
 body=b'{"email": "andersoncrystal@example.net", "password": "1234"}' 
 </msg>
<msg time="2026-02-27T18:49:22.658936" level="INFO">POST Response : url=https://serverest.dev/login 
 status=200, reason=OK 
 headers={'access-control-allow-origin': '*', 'x-dns-prefetch-control': 'off', 'x-frame-options': 'SAMEORIGIN', 'strict-transport-security': 'max-age=15552000; includeSubDomains', 'x-download-options': 'noopen', 'x-content-type-options': 'nosniff', 'x-xss-protection': '1; mode=block', 'content-type': 'application/json; charset=utf-8', 'x-cloud-trace-context': 'f7179fd0a6aaa452117728f4532335f2', 'date': 'Fri, 27 Feb 2026 21:49:21 GMT', 'server': 'Google Frontend', 'Content-Length': '283'} 
 body={
    "message": "Login realizado com sucesso",
    "authorization": "Bearer eyJhbGciOiJIUzI1NiIsInR5cCI6IkpXVCJ9.eyJlbWFpbCI6ImFuZGVyc29uY3J5c3RhbEBleGFtcGxlLm5ldCIsInBhc3N3b3JkIjoiMTIzNCIsImlhdCI6MTc3MjIyODk2MSwiZXhwIjoxNzcyMjI5NTYxfQ.l9eVnXHjwXaY_rH2QndmraiGUfEbTUxcaTsfw7ZD-Ds"
} 
 </msg>
<msg time="2026-02-27T18:49:22.659226" level="INFO">${response} = &lt;Response [200]&gt;</msg>
<var>${response}</var>
<arg>alias=${serverest.alias}</arg>
<arg>url=/login</arg>
<arg>json=${body}</arg>
<arg>expected_status=${expected_status}</arg>
<doc>Sends a POST request on a previously created HTTP Session.</doc>
<status status="PASS" start="2026-02-27T18:49:22.490617" elapsed="0.168703"/>
</kw>
<kw name="Create Dictionary" owner="BuiltIn">
<msg time="2026-02-27T18:49:22.660464" level="INFO">${header} = {'Authorization': 'Bearer eyJhbGciOiJIUzI1NiIsInR5cCI6IkpXVCJ9.eyJlbWFpbCI6ImFuZGVyc29uY3J5c3RhbEBleGFtcGxlLm5ldCIsInBhc3N3b3JkIjoiMTIzNCIsImlhdCI6MTc3MjIyODk2MSwiZXhwIjoxNzcyMjI5NTYxfQ.l9eVnXHjwXaY_r...</msg>
<var>${header}</var>
<arg>Authorization=${response.json()['authorization']}</arg>
<doc>Creates and returns a dictionary based on the given ``items``.</doc>
<status status="PASS" start="2026-02-27T18:49:22.659644" elapsed="0.001099"/>
</kw>
<kw name="Update Session" owner="RequestsLibrary">
<arg>alias=${serverest.alias}</arg>
<arg>headers=${header}</arg>
<doc>Updates HTTP Session Headers and Cookies.</doc>
<status status="PASS" start="2026-02-27T18:49:22.661009" elapsed="0.000796"/>
</kw>
<return>
<value>${response}</value>
<status status="PASS" start="2026-02-27T18:49:22.661984" elapsed="0.000122"/>
</return>
<arg>email=${email}</arg>
<arg>password=1234</arg>
<status status="PASS" start="2026-02-27T18:49:22.489094" elapsed="0.173192"/>
</kw>
<status status="PASS" start="2026-02-27T18:49:22.117711" elapsed="0.544673"/>
</kw>
<kw name="POST Produtos" owner="post_produtos">
<kw name="Create Dictionary" owner="BuiltIn">
<msg time="2026-02-27T18:49:22.665674" level="INFO">${body} = {'nome': 'produto_307', 'preco': '27', 'descricao': 'MOUSE', 'quantidade': '100'}</msg>
<var>${body}</var>
<arg>nome=${nome}</arg>
<arg>preco=${preco}</arg>
<arg>descricao=${descricao}</arg>
<arg>quantidade=${quantidade}</arg>
<doc>Creates and returns a dictionary based on the given ``items``.</doc>
<status status="PASS" start="2026-02-27T18:49:22.664951" elapsed="0.001021"/>
</kw>
<kw name="POST On Session" owner="RequestsLibrary">
<msg time="2026-02-27T18:49:22.841352" level="INFO">POST Request : url=https://serverest.dev/produtos 
 path_url=/produtos 
 headers={'User-Agent': 'python-requests/2.32.5', 'Accept-Encoding': 'gzip, deflate, zstd', 'Accept': '*/*', 'Connection': 'keep-alive', 'Authorization': 'Bearer eyJhbGciOiJIUzI1NiIsInR5cCI6IkpXVCJ9.eyJlbWFpbCI6ImFuZGVyc29uY3J5c3RhbEBleGFtcGxlLm5ldCIsInBhc3N3b3JkIjoiMTIzNCIsImlhdCI6MTc3MjIyODk2MSwiZXhwIjoxNzcyMjI5NTYxfQ.l9eVnXHjwXaY_rH2QndmraiGUfEbTUxcaTsfw7ZD-Ds', 'Content-Length': '81', 'Content-Type': 'application/json'} 
 body=b'{"nome": "produto_307", "preco": "27", "descricao": "MOUSE", "quantidade": "100"}' 
 </msg>
<msg time="2026-02-27T18:49:22.842077" level="INFO">POST Response : url=https://serverest.dev/produtos 
 status=201, reason=Created 
 headers={'access-control-allow-origin': '*', 'x-dns-prefetch-control': 'off', 'x-frame-options': 'SAMEORIGIN', 'strict-transport-security': 'max-age=15552000; includeSubDomains', 'x-download-options': 'noopen', 'x-content-type-options': 'nosniff', 'x-xss-protection': '1; mode=block', 'content-type': 'application/json; charset=utf-8', 'x-cloud-trace-context': '6821d4d5675ba227117728f4532335cb', 'date': 'Fri, 27 Feb 2026 21:49:21 GMT', 'server': 'Google Frontend', 'Content-Length': '82'} 
 body={
    "message": "Cadastro realizado com sucesso",
    "_id": "f5OwpEwRdWv3XTf1"
} 
 </msg>
<msg time="2026-02-27T18:49:22.842614" level="INFO">${response} = &lt;Response [201]&gt;</msg>
<var>${response}</var>
<arg>alias=${serverest.alias}</arg>
<arg>url=/produtos</arg>
<arg>json=${body}</arg>
<arg>expected_status=201</arg>
<doc>Sends a POST request on a previously created HTTP Session.</doc>
<status status="PASS" start="2026-02-27T18:49:22.666301" elapsed="0.176547"/>
</kw>
<return>
<value>${response}</value>
<status status="PASS" start="2026-02-27T18:49:22.843303" elapsed="0.000366"/>
</return>
<msg time="2026-02-27T18:49:22.844216" level="INFO">${response} = &lt;Response [201]&gt;</msg>
<var>${response}</var>
<arg>produto_${FakerData.random_number(digits=3)}</arg>
<arg>27</arg>
<arg>MOUSE</arg>
<arg>100</arg>
<status status="PASS" start="2026-02-27T18:49:22.663393" elapsed="0.181518"/>
</kw>
<kw name="POST Carrinho" owner="post_carrinho">
<kw name="Contracts Post Carrinhos" owner="carrinho">
<msg time="2026-02-27T18:49:22.850663" level="INFO">${body} = {'produtos': [{'idProduto': 'f5OwpEwRdWv3XTf1', 'quantidade': '100'}]}</msg>
<var>${body}</var>
<arg>id_produto=${id_produtos}</arg>
<arg>quantidade=${quantidade}</arg>
<status status="PASS" start="2026-02-27T18:49:22.849145" elapsed="0.001977"/>
</kw>
<kw name="POST On Session" owner="RequestsLibrary">
<msg time="2026-02-27T18:49:23.022941" level="INFO">POST Request : url=https://serverest.dev/carrinhos 
 path_url=/carrinhos 
 headers={'User-Agent': 'python-requests/2.32.5', 'Accept-Encoding': 'gzip, deflate, zstd', 'Accept': '*/*', 'Connection': 'keep-alive', 'Authorization': 'Bearer eyJhbGciOiJIUzI1NiIsInR5cCI6IkpXVCJ9.eyJlbWFpbCI6ImFuZGVyc29uY3J5c3RhbEBleGFtcGxlLm5ldCIsInBhc3N3b3JkIjoiMTIzNCIsImlhdCI6MTc3MjIyODk2MSwiZXhwIjoxNzcyMjI5NTYxfQ.l9eVnXHjwXaY_rH2QndmraiGUfEbTUxcaTsfw7ZD-Ds', 'Content-Length': '70', 'Content-Type': 'application/json'} 
 body=b'{"produtos": [{"idProduto": "f5OwpEwRdWv3XTf1", "quantidade": "100"}]}' 
 </msg>
<msg time="2026-02-27T18:49:23.023616" level="INFO">POST Response : url=https://serverest.dev/carrinhos 
 status=201, reason=Created 
 headers={'access-control-allow-origin': '*', 'x-dns-prefetch-control': 'off', 'x-frame-options': 'SAMEORIGIN', 'strict-transport-security': 'max-age=15552000; includeSubDomains', 'x-download-options': 'noopen', 'x-content-type-options': 'nosniff', 'x-xss-protection': '1; mode=block', 'content-type': 'application/json; charset=utf-8', 'x-cloud-trace-context': 'bf1e557073ab4b22117728f453233ebb', 'date': 'Fri, 27 Feb 2026 21:49:22 GMT', 'server': 'Google Frontend', 'Content-Length': '82'} 
 body={
    "message": "Cadastro realizado com sucesso",
    "_id": "eH4T5ZqWw2YvgHHj"
} 
 </msg>
<msg time="2026-02-27T18:49:23.024495" level="INFO">${response} = &lt;Response [201]&gt;</msg>
<var>${response}</var>
<arg>alias=${serverest.alias}</arg>
<arg>url=/carrinhos</arg>
<arg>json=${body}</arg>
<arg>expected_status=${expected_status}</arg>
<doc>Sends a POST request on a previously created HTTP Session.</doc>
<status status="PASS" start="2026-02-27T18:49:22.851934" elapsed="0.172995"/>
</kw>
<return>
<value>${response}</value>
<status status="PASS" start="2026-02-27T18:49:23.025158" elapsed="0.000175"/>
</return>
<arg>id_produtos=${response.json()['_id']}</arg>
<arg>quantidade=100</arg>
<status status="PASS" start="2026-02-27T18:49:22.847220" elapsed="0.178374"/>
</kw>
<kw name="Assert POST Carrinhos" owner="post_carrinho">
<if>
<branch type="IF" condition="${response.status_code} == ${201}">
<kw name="Should Be Equal" owner="BuiltIn">
<arg>${response.json()['message']}</arg>
<arg>${message}</arg>
<doc>Fails if the given objects are unequal.</doc>
<status status="PASS" start="2026-02-27T18:49:23.030367" elapsed="0.001735"/>
</kw>
<kw name="Should Not Be Empty" owner="BuiltIn">
<msg time="2026-02-27T18:49:23.034280" level="INFO">Length is 16.</msg>
<arg>${response.json()['_id']}</arg>
<doc>Verifies that the given item is not empty.</doc>
<status status="PASS" start="2026-02-27T18:49:23.032794" elapsed="0.001949"/>
</kw>
<status status="PASS" start="2026-02-27T18:49:23.028121" elapsed="0.006890"/>
</branch>
<branch type="ELSE IF" condition="${response.status_code} == ${400} or ${response.status_code} == ${401}">
<kw name="Should Be Equal" owner="BuiltIn">
<arg>${response.json()['message']}</arg>
<arg>${message}</arg>
<doc>Fails if the given objects are unequal.</doc>
<status status="NOT RUN" start="2026-02-27T18:49:23.035589" elapsed="0.000135"/>
</kw>
<status status="NOT RUN" start="2026-02-27T18:49:23.035200" elapsed="0.000668"/>
</branch>
<status status="PASS" start="2026-02-27T18:49:23.027949" elapsed="0.008281"/>
</if>
<arg>${response}</arg>
<arg>Cadastro realizado com sucesso</arg>
<status status="PASS" start="2026-02-27T18:49:23.026989" elapsed="0.009472"/>
</kw>
<kw name="DELETE Concluir Carrinho" owner="delete_carrinho">
<if>
<branch type="IF" condition="${unauthorized}">
<kw name="Create Dictionary" owner="BuiltIn">
<msg time="2026-02-27T18:49:23.041916" level="INFO">${header} = {'Authorization': None}</msg>
<var>${header}</var>
<arg>Authorization=${None}</arg>
<doc>Creates and returns a dictionary based on the given ``items``.</doc>
<status status="PASS" start="2026-02-27T18:49:23.041032" elapsed="0.001342"/>
</kw>
<kw name="Update Session" owner="RequestsLibrary">
<arg>alias=${serverest.alias}</arg>
<arg>headers=${header}</arg>
<doc>Updates HTTP Session Headers and Cookies.</doc>
<status status="PASS" start="2026-02-27T18:49:23.042963" elapsed="0.001419"/>
</kw>
<status status="PASS" start="2026-02-27T18:49:23.040145" elapsed="0.004585"/>
</branch>
<status status="PASS" start="2026-02-27T18:49:23.040021" elapsed="0.004850"/>
</if>
<kw name="DELETE On Session" owner="RequestsLibrary">
<msg time="2026-02-27T18:49:23.202516" level="INFO">DELETE Request : url=https://serverest.dev/carrinhos/concluir-compra 
 path_url=/carrinhos/concluir-compra 
 headers={'User-Agent': 'python-requests/2.32.5', 'Accept-Encoding': 'gzip, deflate, zstd', 'Accept': '*/*', 'Connection': 'keep-alive', 'Content-Length': '0'} 
 body=None 
 </msg>
<msg time="2026-02-27T18:49:23.203008" level="INFO">DELETE Response : url=https://serverest.dev/carrinhos/concluir-compra 
 status=401, reason=Unauthorized 
 headers={'access-control-allow-origin': '*', 'x-dns-prefetch-control': 'off', 'x-frame-options': 'SAMEORIGIN', 'strict-transport-security': 'max-age=15552000; includeSubDomains', 'x-download-options': 'noopen', 'x-content-type-options': 'nosniff', 'x-xss-protection': '1; mode=block', 'content-type': 'application/json; charset=utf-8', 'x-cloud-trace-context': 'a282364f9f3cdad0117728f453233f2e', 'date': 'Fri, 27 Feb 2026 21:49:22 GMT', 'server': 'Google Frontend', 'Content-Length': '103'} 
 body={
    "message": "Token de acesso ausente, inválido, expirado ou usuário do token não existe mais"
} 
 </msg>
<msg time="2026-02-27T18:49:23.203409" level="INFO">${response} = &lt;Response [401]&gt;</msg>
<var>${response}</var>
<arg>alias=${serverest.alias}</arg>
<arg>url=/carrinhos/concluir-compra</arg>
<arg>expected_status=${expected_status}</arg>
<doc>Sends a DELETE request on a previously created HTTP Session.</doc>
<status status="PASS" start="2026-02-27T18:49:23.045166" elapsed="0.158368"/>
</kw>
<return>
<value>${response}</value>
<status status="PASS" start="2026-02-27T18:49:23.203815" elapsed="0.000241"/>
</return>
<msg time="2026-02-27T18:49:23.204539" level="INFO">${response_delete_carrinho} = &lt;Response [401]&gt;</msg>
<var>${response_delete_carrinho}</var>
<arg>expected_status=401</arg>
<arg>unauthorized=${True}</arg>
<status status="PASS" start="2026-02-27T18:49:23.038389" elapsed="0.166415"/>
</kw>
<kw name="Assert DELETE Concluir Carrinho" owner="delete_carrinho">
<kw name="Should Be Equal" owner="BuiltIn">
<arg>${response.json()['message']}</arg>
<arg>${message}</arg>
<doc>Fails if the given objects are unequal.</doc>
<status status="PASS" start="2026-02-27T18:49:23.207857" elapsed="0.001743"/>
</kw>
<arg>${response_delete_carrinho}</arg>
<arg>Token de acesso ausente, inválido, expirado ou usuário do token não existe mais</arg>
<status status="PASS" start="2026-02-27T18:49:23.206041" elapsed="0.004116"/>
</kw>
<status status="PASS" start="2026-02-27T18:49:22.116137" elapsed="1.094833"/>
</test>
<status status="PASS" start="2026-02-27T18:49:19.410685" elapsed="3.802792"/>
</suite>
<suite id="s1-s2" name="Produtos" source="c:\Workspace\robotcurses-api\tests\produtos.robot">
<test id="s1-s2-t1" name="Cadastrar Produtos" line="8">
<kw name="Create User and Login" owner="utils" type="SETUP">
<kw name="Create Serverest Session" owner="session">
<kw name="Create Session" owner="RequestsLibrary">
<msg time="2026-02-27T18:49:23.312419" level="INFO">Creating Session using : alias=serverest, url=https://serverest.dev, headers={},                     cookies={}, auth=None, timeout=None, proxies=None, verify=False,                     debug=0 </msg>
<arg>alias=${serverest.alias}</arg>
<arg>url=${serverest.url}</arg>
<arg>disable_warnings=${True}</arg>
<doc>Create Session: create a HTTP session to a server</doc>
<status status="PASS" start="2026-02-27T18:49:23.310109" elapsed="0.004564"/>
</kw>
<status status="PASS" start="2026-02-27T18:49:23.308697" elapsed="0.006649"/>
</kw>
<kw name="Set Local Variable" owner="BuiltIn">
<msg time="2026-02-27T18:49:23.319133" level="INFO">${email} = myerstimothy@example.org</msg>
<arg>${email}</arg>
<arg>${FakerData.email()}</arg>
<doc>Makes a variable available everywhere within the local scope.</doc>
<status status="PASS" start="2026-02-27T18:49:23.315875" elapsed="0.003884"/>
</kw>
<kw name="POST Usuarios" owner="post_usuarios">
<kw name="Create Dictionary" owner="BuiltIn">
<msg time="2026-02-27T18:49:23.323072" level="INFO">${body} = {'nome': 'Rabelos', 'email': 'myerstimothy@example.org', 'password': '1234', 'administrador': 'true'}</msg>
<var>${body}</var>
<arg>nome=Rabelos</arg>
<arg>email=${email}</arg>
<arg>password=1234</arg>
<arg>administrador=true</arg>
<doc>Creates and returns a dictionary based on the given ``items``.</doc>
<status status="PASS" start="2026-02-27T18:49:23.321773" elapsed="0.002000"/>
</kw>
<kw name="POST On Session" owner="RequestsLibrary">
<msg time="2026-02-27T18:49:23.702884" level="INFO">POST Request : url=https://serverest.dev/usuarios 
 path_url=/usuarios 
 headers={'User-Agent': 'python-requests/2.32.5', 'Accept-Encoding': 'gzip, deflate, zstd', 'Accept': '*/*', 'Connection': 'keep-alive', 'Content-Length': '101', 'Content-Type': 'application/json'} 
 body=b'{"nome": "Rabelos", "email": "myerstimothy@example.org", "password": "1234", "administrador": "true"}' 
 </msg>
<msg time="2026-02-27T18:49:23.703461" level="INFO">POST Response : url=https://serverest.dev/usuarios 
 status=201, reason=Created 
 headers={'access-control-allow-origin': '*', 'x-dns-prefetch-control': 'off', 'x-frame-options': 'SAMEORIGIN', 'strict-transport-security': 'max-age=15552000; includeSubDomains', 'x-download-options': 'noopen', 'x-content-type-options': 'nosniff', 'x-xss-protection': '1; mode=block', 'content-type': 'application/json; charset=utf-8', 'x-cloud-trace-context': '19a1d225b1231f1bd7e7e7b5ce01ef1e', 'date': 'Fri, 27 Feb 2026 21:49:22 GMT', 'server': 'Google Frontend', 'Content-Length': '82'} 
 body={
    "message": "Cadastro realizado com sucesso",
    "_id": "wyvOMcQoEMznVAyY"
} 
 </msg>
<msg time="2026-02-27T18:49:23.703854" level="INFO">${response} = &lt;Response [201]&gt;</msg>
<var>${response}</var>
<arg>alias=${serverest.alias}</arg>
<arg>url=/usuarios</arg>
<arg>json=${body}</arg>
<arg>expected_status=201</arg>
<doc>Sends a POST request on a previously created HTTP Session.</doc>
<status status="PASS" start="2026-02-27T18:49:23.324694" elapsed="0.379261"/>
</kw>
<return>
<value>${response}</value>
<status status="PASS" start="2026-02-27T18:49:23.704149" elapsed="0.000159"/>
</return>
<arg>email=${email}</arg>
<status status="PASS" start="2026-02-27T18:49:23.320517" elapsed="0.384305"/>
</kw>
<kw name="Login On Serverest" owner="login">
<kw name="Create Dictionary" owner="BuiltIn">
<msg time="2026-02-27T18:49:23.707180" level="INFO">${body} = {'email': 'myerstimothy@example.org', 'password': '1234'}</msg>
<var>${body}</var>
<arg>email=${email}</arg>
<arg>password=${password}</arg>
<doc>Creates and returns a dictionary based on the given ``items``.</doc>
<status status="PASS" start="2026-02-27T18:49:23.706570" elapsed="0.000879"/>
</kw>
<kw name="POST On Session" owner="RequestsLibrary">
<msg time="2026-02-27T18:49:23.873852" level="INFO">POST Request : url=https://serverest.dev/login 
 path_url=/login 
 headers={'User-Agent': 'python-requests/2.32.5', 'Accept-Encoding': 'gzip, deflate, zstd', 'Accept': '*/*', 'Connection': 'keep-alive', 'Content-Length': '57', 'Content-Type': 'application/json'} 
 body=b'{"email": "myerstimothy@example.org", "password": "1234"}' 
 </msg>
<msg time="2026-02-27T18:49:23.874283" level="INFO">POST Response : url=https://serverest.dev/login 
 status=200, reason=OK 
 headers={'access-control-allow-origin': '*', 'x-dns-prefetch-control': 'off', 'x-frame-options': 'SAMEORIGIN', 'strict-transport-security': 'max-age=15552000; includeSubDomains', 'x-download-options': 'noopen', 'x-content-type-options': 'nosniff', 'x-xss-protection': '1; mode=block', 'content-type': 'application/json; charset=utf-8', 'x-cloud-trace-context': '064453f6f092e1b0d7e7e7b5ce01e5d0', 'date': 'Fri, 27 Feb 2026 21:49:22 GMT', 'server': 'Google Frontend', 'Content-Length': '279'} 
 body={
    "message": "Login realizado com sucesso",
    "authorization": "Bearer eyJhbGciOiJIUzI1NiIsInR5cCI6IkpXVCJ9.eyJlbWFpbCI6Im15ZXJzdGltb3RoeUBleGFtcGxlLm9yZyIsInBhc3N3b3JkIjoiMTIzNCIsImlhdCI6MTc3MjIyODk2MiwiZXhwIjoxNzcyMjI5NTYyfQ.5UvlTd0vw1T9VeShjyKSPFQrcTARFPwia_1Wl7lZvNA"
} 
 </msg>
<msg time="2026-02-27T18:49:23.874583" level="INFO">${response} = &lt;Response [200]&gt;</msg>
<var>${response}</var>
<arg>alias=${serverest.alias}</arg>
<arg>url=/login</arg>
<arg>json=${body}</arg>
<arg>expected_status=${expected_status}</arg>
<doc>Sends a POST request on a previously created HTTP Session.</doc>
<status status="PASS" start="2026-02-27T18:49:23.707758" elapsed="0.166964"/>
</kw>
<kw name="Create Dictionary" owner="BuiltIn">
<msg time="2026-02-27T18:49:23.875876" level="INFO">${header} = {'Authorization': 'Bearer eyJhbGciOiJIUzI1NiIsInR5cCI6IkpXVCJ9.eyJlbWFpbCI6Im15ZXJzdGltb3RoeUBleGFtcGxlLm9yZyIsInBhc3N3b3JkIjoiMTIzNCIsImlhdCI6MTc3MjIyODk2MiwiZXhwIjoxNzcyMjI5NTYyfQ.5UvlTd0vw1T9VeShjy...</msg>
<var>${header}</var>
<arg>Authorization=${response.json()['authorization']}</arg>
<doc>Creates and returns a dictionary based on the given ``items``.</doc>
<status status="PASS" start="2026-02-27T18:49:23.875062" elapsed="0.000981"/>
</kw>
<kw name="Update Session" owner="RequestsLibrary">
<arg>alias=${serverest.alias}</arg>
<arg>headers=${header}</arg>
<doc>Updates HTTP Session Headers and Cookies.</doc>
<status status="PASS" start="2026-02-27T18:49:23.876269" elapsed="0.000819"/>
</kw>
<return>
<value>${response}</value>
<status status="PASS" start="2026-02-27T18:49:23.877262" elapsed="0.000114"/>
</return>
<arg>email=${email}</arg>
<arg>password=1234</arg>
<status status="PASS" start="2026-02-27T18:49:23.705491" elapsed="0.172048"/>
</kw>
<status status="PASS" start="2026-02-27T18:49:23.307533" elapsed="0.570118"/>
</kw>
<kw name="POST Produtos" owner="post_produtos">
<kw name="Create Dictionary" owner="BuiltIn">
<msg time="2026-02-27T18:49:23.881443" level="INFO">${body} = {'nome': 'produto_299', 'preco': '27', 'descricao': 'MOUSE', 'quantidade': '100'}</msg>
<var>${body}</var>
<arg>nome=${nome}</arg>
<arg>preco=${preco}</arg>
<arg>descricao=${descricao}</arg>
<arg>quantidade=${quantidade}</arg>
<doc>Creates and returns a dictionary based on the given ``items``.</doc>
<status status="PASS" start="2026-02-27T18:49:23.879605" elapsed="0.002062"/>
</kw>
<kw name="POST On Session" owner="RequestsLibrary">
<msg time="2026-02-27T18:49:24.042649" level="INFO">POST Request : url=https://serverest.dev/produtos 
 path_url=/produtos 
 headers={'User-Agent': 'python-requests/2.32.5', 'Accept-Encoding': 'gzip, deflate, zstd', 'Accept': '*/*', 'Connection': 'keep-alive', 'Authorization': 'Bearer eyJhbGciOiJIUzI1NiIsInR5cCI6IkpXVCJ9.eyJlbWFpbCI6Im15ZXJzdGltb3RoeUBleGFtcGxlLm9yZyIsInBhc3N3b3JkIjoiMTIzNCIsImlhdCI6MTc3MjIyODk2MiwiZXhwIjoxNzcyMjI5NTYyfQ.5UvlTd0vw1T9VeShjyKSPFQrcTARFPwia_1Wl7lZvNA', 'Content-Length': '81', 'Content-Type': 'application/json'} 
 body=b'{"nome": "produto_299", "preco": "27", "descricao": "MOUSE", "quantidade": "100"}' 
 </msg>
<msg time="2026-02-27T18:49:24.043015" level="INFO">POST Response : url=https://serverest.dev/produtos 
 status=201, reason=Created 
 headers={'access-control-allow-origin': '*', 'x-dns-prefetch-control': 'off', 'x-frame-options': 'SAMEORIGIN', 'strict-transport-security': 'max-age=15552000; includeSubDomains', 'x-download-options': 'noopen', 'x-content-type-options': 'nosniff', 'x-xss-protection': '1; mode=block', 'content-type': 'application/json; charset=utf-8', 'x-cloud-trace-context': '5f7ee0cc1e893a9fd7e7e7b5ce01e8b3', 'date': 'Fri, 27 Feb 2026 21:49:23 GMT', 'server': 'Google Frontend', 'Content-Length': '82'} 
 body={
    "message": "Cadastro realizado com sucesso",
    "_id": "Jo0DIgkLgZrguvnl"
} 
 </msg>
<msg time="2026-02-27T18:49:24.043399" level="INFO">${response} = &lt;Response [201]&gt;</msg>
<var>${response}</var>
<arg>alias=${serverest.alias}</arg>
<arg>url=/produtos</arg>
<arg>json=${body}</arg>
<arg>expected_status=201</arg>
<doc>Sends a POST request on a previously created HTTP Session.</doc>
<status status="PASS" start="2026-02-27T18:49:23.881914" elapsed="0.161579"/>
</kw>
<return>
<value>${response}</value>
<status status="PASS" start="2026-02-27T18:49:24.043650" elapsed="0.000145"/>
</return>
<msg time="2026-02-27T18:49:24.044015" level="INFO">${response} = &lt;Response [201]&gt;</msg>
<var>${response}</var>
<arg>produto_${FakerData.random_number(digits=3)}</arg>
<arg>27</arg>
<arg>MOUSE</arg>
<arg>100</arg>
<status status="PASS" start="2026-02-27T18:49:23.878454" elapsed="0.166490"/>
</kw>
<status status="PASS" start="2026-02-27T18:49:23.306292" elapsed="0.739844"/>
</test>
<test id="s1-s2-t2" name="Buscar Produtos" line="15">
<kw name="Create User and Login" owner="utils" type="SETUP">
<kw name="Create Serverest Session" owner="session">
<kw name="Create Session" owner="RequestsLibrary">
<msg time="2026-02-27T18:49:24.052591" level="INFO">Creating Session using : alias=serverest, url=https://serverest.dev, headers={},                     cookies={}, auth=None, timeout=None, proxies=None, verify=False,                     debug=0 </msg>
<arg>alias=${serverest.alias}</arg>
<arg>url=${serverest.url}</arg>
<arg>disable_warnings=${True}</arg>
<doc>Create Session: create a HTTP session to a server</doc>
<status status="PASS" start="2026-02-27T18:49:24.050308" elapsed="0.004274"/>
</kw>
<status status="PASS" start="2026-02-27T18:49:24.049372" elapsed="0.006035"/>
</kw>
<kw name="Set Local Variable" owner="BuiltIn">
<msg time="2026-02-27T18:49:24.059993" level="INFO">${email} = gutierrezstephen@example.org</msg>
<arg>${email}</arg>
<arg>${FakerData.email()}</arg>
<doc>Makes a variable available everywhere within the local scope.</doc>
<status status="PASS" start="2026-02-27T18:49:24.056402" elapsed="0.004214"/>
</kw>
<kw name="POST Usuarios" owner="post_usuarios">
<kw name="Create Dictionary" owner="BuiltIn">
<msg time="2026-02-27T18:49:24.063699" level="INFO">${body} = {'nome': 'Rabelos', 'email': 'gutierrezstephen@example.org', 'password': '1234', 'administrador': 'true'}</msg>
<var>${body}</var>
<arg>nome=Rabelos</arg>
<arg>email=${email}</arg>
<arg>password=1234</arg>
<arg>administrador=true</arg>
<doc>Creates and returns a dictionary based on the given ``items``.</doc>
<status status="PASS" start="2026-02-27T18:49:24.062602" elapsed="0.001483"/>
</kw>
<kw name="POST On Session" owner="RequestsLibrary">
<msg time="2026-02-27T18:49:24.447892" level="INFO">POST Request : url=https://serverest.dev/usuarios 
 path_url=/usuarios 
 headers={'User-Agent': 'python-requests/2.32.5', 'Accept-Encoding': 'gzip, deflate, zstd', 'Accept': '*/*', 'Connection': 'keep-alive', 'Content-Length': '105', 'Content-Type': 'application/json'} 
 body=b'{"nome": "Rabelos", "email": "gutierrezstephen@example.org", "password": "1234", "administrador": "true"}' 
 </msg>
<msg time="2026-02-27T18:49:24.448445" level="INFO">POST Response : url=https://serverest.dev/usuarios 
 status=201, reason=Created 
 headers={'access-control-allow-origin': '*', 'x-dns-prefetch-control': 'off', 'x-frame-options': 'SAMEORIGIN', 'strict-transport-security': 'max-age=15552000; includeSubDomains', 'x-download-options': 'noopen', 'x-content-type-options': 'nosniff', 'x-xss-protection': '1; mode=block', 'content-type': 'application/json; charset=utf-8', 'x-cloud-trace-context': '0d78f2089c0f4d4c0eacc35165de09d8', 'date': 'Fri, 27 Feb 2026 21:49:23 GMT', 'server': 'Google Frontend', 'Content-Length': '82'} 
 body={
    "message": "Cadastro realizado com sucesso",
    "_id": "GfOr1vK9e5bYL73V"
} 
 </msg>
<msg time="2026-02-27T18:49:24.449121" level="INFO">${response} = &lt;Response [201]&gt;</msg>
<var>${response}</var>
<arg>alias=${serverest.alias}</arg>
<arg>url=/usuarios</arg>
<arg>json=${body}</arg>
<arg>expected_status=201</arg>
<doc>Sends a POST request on a previously created HTTP Session.</doc>
<status status="PASS" start="2026-02-27T18:49:24.064571" elapsed="0.384839"/>
</kw>
<return>
<value>${response}</value>
<status status="PASS" start="2026-02-27T18:49:24.449770" elapsed="0.000340"/>
</return>
<arg>email=${email}</arg>
<status status="PASS" start="2026-02-27T18:49:24.061254" elapsed="0.389333"/>
</kw>
<kw name="Login On Serverest" owner="login">
<kw name="Create Dictionary" owner="BuiltIn">
<msg time="2026-02-27T18:49:24.455360" level="INFO">${body} = {'email': 'gutierrezstephen@example.org', 'password': '1234'}</msg>
<var>${body}</var>
<arg>email=${email}</arg>
<arg>password=${password}</arg>
<doc>Creates and returns a dictionary based on the given ``items``.</doc>
<status status="PASS" start="2026-02-27T18:49:24.452710" elapsed="0.003115"/>
</kw>
<kw name="POST On Session" owner="RequestsLibrary">
<msg time="2026-02-27T18:49:24.614787" level="INFO">POST Request : url=https://serverest.dev/login 
 path_url=/login 
 headers={'User-Agent': 'python-requests/2.32.5', 'Accept-Encoding': 'gzip, deflate, zstd', 'Accept': '*/*', 'Connection': 'keep-alive', 'Content-Length': '61', 'Content-Type': 'application/json'} 
 body=b'{"email": "gutierrezstephen@example.org", "password": "1234"}' 
 </msg>
<msg time="2026-02-27T18:49:24.615106" level="INFO">POST Response : url=https://serverest.dev/login 
 status=200, reason=OK 
 headers={'access-control-allow-origin': '*', 'x-dns-prefetch-control': 'off', 'x-frame-options': 'SAMEORIGIN', 'strict-transport-security': 'max-age=15552000; includeSubDomains', 'x-download-options': 'noopen', 'x-content-type-options': 'nosniff', 'x-xss-protection': '1; mode=block', 'content-type': 'application/json; charset=utf-8', 'x-cloud-trace-context': '035e2af10719ab1c0eacc35165de0216', 'date': 'Fri, 27 Feb 2026 21:49:23 GMT', 'server': 'Google Frontend', 'Content-Length': '284'} 
 body={
    "message": "Login realizado com sucesso",
    "authorization": "Bearer eyJhbGciOiJIUzI1NiIsInR5cCI6IkpXVCJ9.eyJlbWFpbCI6Imd1dGllcnJlenN0ZXBoZW5AZXhhbXBsZS5vcmciLCJwYXNzd29yZCI6IjEyMzQiLCJpYXQiOjE3NzIyMjg5NjMsImV4cCI6MTc3MjIyOTU2M30.Gc6jTffz7q9M1jBAaGyd9aCcwEAALf4cF7m7bZkKp04"
} 
 </msg>
<msg time="2026-02-27T18:49:24.615311" level="INFO">${response} = &lt;Response [200]&gt;</msg>
<var>${response}</var>
<arg>alias=${serverest.alias}</arg>
<arg>url=/login</arg>
<arg>json=${body}</arg>
<arg>expected_status=${expected_status}</arg>
<doc>Sends a POST request on a previously created HTTP Session.</doc>
<status status="PASS" start="2026-02-27T18:49:24.456616" elapsed="0.158764"/>
</kw>
<kw name="Create Dictionary" owner="BuiltIn">
<msg time="2026-02-27T18:49:24.616267" level="INFO">${header} = {'Authorization': 'Bearer eyJhbGciOiJIUzI1NiIsInR5cCI6IkpXVCJ9.eyJlbWFpbCI6Imd1dGllcnJlenN0ZXBoZW5AZXhhbXBsZS5vcmciLCJwYXNzd29yZCI6IjEyMzQiLCJpYXQiOjE3NzIyMjg5NjMsImV4cCI6MTc3MjIyOTU2M30.Gc6jTffz7q9M1...</msg>
<var>${header}</var>
<arg>Authorization=${response.json()['authorization']}</arg>
<doc>Creates and returns a dictionary based on the given ``items``.</doc>
<status status="PASS" start="2026-02-27T18:49:24.615621" elapsed="0.000760"/>
</kw>
<kw name="Update Session" owner="RequestsLibrary">
<arg>alias=${serverest.alias}</arg>
<arg>headers=${header}</arg>
<doc>Updates HTTP Session Headers and Cookies.</doc>
<status status="PASS" start="2026-02-27T18:49:24.616561" elapsed="0.000563"/>
</kw>
<return>
<value>${response}</value>
<status status="PASS" start="2026-02-27T18:49:24.617222" elapsed="0.000087"/>
</return>
<arg>email=${email}</arg>
<arg>password=1234</arg>
<status status="PASS" start="2026-02-27T18:49:24.451438" elapsed="0.166007"/>
</kw>
<status status="PASS" start="2026-02-27T18:49:24.048707" elapsed="0.568830"/>
</kw>
<kw name="POST Produtos" owner="post_produtos">
<kw name="Create Dictionary" owner="BuiltIn">
<msg time="2026-02-27T18:49:24.620238" level="INFO">${body} = {'nome': 'produto_116', 'preco': '28', 'descricao': 'Audio', 'quantidade': '100'}</msg>
<var>${body}</var>
<arg>nome=${nome}</arg>
<arg>preco=${preco}</arg>
<arg>descricao=${descricao}</arg>
<arg>quantidade=${quantidade}</arg>
<doc>Creates and returns a dictionary based on the given ``items``.</doc>
<status status="PASS" start="2026-02-27T18:49:24.619314" elapsed="0.001230"/>
</kw>
<kw name="POST On Session" owner="RequestsLibrary">
<msg time="2026-02-27T18:49:24.778136" level="INFO">POST Request : url=https://serverest.dev/produtos 
 path_url=/produtos 
 headers={'User-Agent': 'python-requests/2.32.5', 'Accept-Encoding': 'gzip, deflate, zstd', 'Accept': '*/*', 'Connection': 'keep-alive', 'Authorization': 'Bearer eyJhbGciOiJIUzI1NiIsInR5cCI6IkpXVCJ9.eyJlbWFpbCI6Imd1dGllcnJlenN0ZXBoZW5AZXhhbXBsZS5vcmciLCJwYXNzd29yZCI6IjEyMzQiLCJpYXQiOjE3NzIyMjg5NjMsImV4cCI6MTc3MjIyOTU2M30.Gc6jTffz7q9M1jBAaGyd9aCcwEAALf4cF7m7bZkKp04', 'Content-Length': '81', 'Content-Type': 'application/json'} 
 body=b'{"nome": "produto_116", "preco": "28", "descricao": "Audio", "quantidade": "100"}' 
 </msg>
<msg time="2026-02-27T18:49:24.778842" level="INFO">POST Response : url=https://serverest.dev/produtos 
 status=201, reason=Created 
 headers={'access-control-allow-origin': '*', 'x-dns-prefetch-control': 'off', 'x-frame-options': 'SAMEORIGIN', 'strict-transport-security': 'max-age=15552000; includeSubDomains', 'x-download-options': 'noopen', 'x-content-type-options': 'nosniff', 'x-xss-protection': '1; mode=block', 'content-type': 'application/json; charset=utf-8', 'x-cloud-trace-context': 'a9cd7b033b3d62020eacc35165de0541', 'date': 'Fri, 27 Feb 2026 21:49:23 GMT', 'server': 'Google Frontend', 'Content-Length': '82'} 
 body={
    "message": "Cadastro realizado com sucesso",
    "_id": "gZE1PhY9TayibThu"
} 
 </msg>
<msg time="2026-02-27T18:49:24.779735" level="INFO">${response} = &lt;Response [201]&gt;</msg>
<var>${response}</var>
<arg>alias=${serverest.alias}</arg>
<arg>url=/produtos</arg>
<arg>json=${body}</arg>
<arg>expected_status=201</arg>
<doc>Sends a POST request on a previously created HTTP Session.</doc>
<status status="PASS" start="2026-02-27T18:49:24.620914" elapsed="0.159138"/>
</kw>
<return>
<value>${response}</value>
<status status="PASS" start="2026-02-27T18:49:24.780316" elapsed="0.000174"/>
</return>
<msg time="2026-02-27T18:49:24.780817" level="INFO">${response_post_produtos} = &lt;Response [201]&gt;</msg>
<var>${response_post_produtos}</var>
<arg>produto_${FakerData.random_number(digits=3)}</arg>
<arg>28</arg>
<arg>Audio</arg>
<arg>100</arg>
<status status="PASS" start="2026-02-27T18:49:24.618154" elapsed="0.162820"/>
</kw>
<kw name="GET Produtos by id" owner="get_produtos_id">
<kw name="GET On Session" owner="RequestsLibrary">
<msg time="2026-02-27T18:49:24.937254" level="INFO">GET Request : url=https://serverest.dev/produtos/gZE1PhY9TayibThu 
 path_url=/produtos/gZE1PhY9TayibThu 
 headers={'User-Agent': 'python-requests/2.32.5', 'Accept-Encoding': 'gzip, deflate, zstd', 'Accept': '*/*', 'Connection': 'keep-alive', 'Authorization': 'Bearer eyJhbGciOiJIUzI1NiIsInR5cCI6IkpXVCJ9.eyJlbWFpbCI6Imd1dGllcnJlenN0ZXBoZW5AZXhhbXBsZS5vcmciLCJwYXNzd29yZCI6IjEyMzQiLCJpYXQiOjE3NzIyMjg5NjMsImV4cCI6MTc3MjIyOTU2M30.Gc6jTffz7q9M1jBAaGyd9aCcwEAALf4cF7m7bZkKp04'} 
 body=None 
 </msg>
<msg time="2026-02-27T18:49:24.938348" level="INFO">GET Response : url=https://serverest.dev/produtos/gZE1PhY9TayibThu 
 status=200, reason=OK 
 headers={'access-control-allow-origin': '*', 'x-dns-prefetch-control': 'off', 'x-frame-options': 'SAMEORIGIN', 'strict-transport-security': 'max-age=15552000; includeSubDomains', 'x-download-options': 'noopen', 'x-content-type-options': 'nosniff', 'x-xss-protection': '1; mode=block', 'content-type': 'application/json; charset=utf-8', 'x-cloud-trace-context': '7d6ed9711f1e712e0eacc35165de0796', 'date': 'Fri, 27 Feb 2026 21:49:24 GMT', 'server': 'Google Frontend', 'Content-Length': '126'} 
 body={
    "nome": "produto_116",
    "preco": 28,
    "descricao": "Audio",
    "quantidade": 100,
    "_id": "gZE1PhY9TayibThu"
} 
 </msg>
<msg time="2026-02-27T18:49:24.938843" level="INFO">${response} = &lt;Response [200]&gt;</msg>
<var>${response}</var>
<arg>alias=${serverest.alias}</arg>
<arg>url=/produtos/${id}</arg>
<arg>expected_status=${expected_status}</arg>
<doc>Sends a GET request on a previously created HTTP Session.</doc>
<status status="PASS" start="2026-02-27T18:49:24.783158" elapsed="0.155850"/>
</kw>
<return>
<value>${response}</value>
<status status="PASS" start="2026-02-27T18:49:24.939205" elapsed="0.000181"/>
</return>
<msg time="2026-02-27T18:49:24.939868" level="INFO">${response_get_produtos} = &lt;Response [200]&gt;</msg>
<var>${response_get_produtos}</var>
<arg>${response_post_produtos.json()['_id']}</arg>
<status status="PASS" start="2026-02-27T18:49:24.781981" elapsed="0.158146"/>
</kw>
<status status="PASS" start="2026-02-27T18:49:24.047610" elapsed="0.894066"/>
</test>
<test id="s1-s2-t3" name="Deletar Produtos" line="23">
<kw name="Create User and Login" owner="utils" type="SETUP">
<kw name="Create Serverest Session" owner="session">
<kw name="Create Session" owner="RequestsLibrary">
<msg time="2026-02-27T18:49:24.946694" level="INFO">Creating Session using : alias=serverest, url=https://serverest.dev, headers={},                     cookies={}, auth=None, timeout=None, proxies=None, verify=False,                     debug=0 </msg>
<arg>alias=${serverest.alias}</arg>
<arg>url=${serverest.url}</arg>
<arg>disable_warnings=${True}</arg>
<doc>Create Session: create a HTTP session to a server</doc>
<status status="PASS" start="2026-02-27T18:49:24.945309" elapsed="0.001832"/>
</kw>
<status status="PASS" start="2026-02-27T18:49:24.944586" elapsed="0.002762"/>
</kw>
<kw name="Set Local Variable" owner="BuiltIn">
<msg time="2026-02-27T18:49:24.950666" level="INFO">${email} = steeleelizabeth@example.net</msg>
<arg>${email}</arg>
<arg>${FakerData.email()}</arg>
<doc>Makes a variable available everywhere within the local scope.</doc>
<status status="PASS" start="2026-02-27T18:49:24.947942" elapsed="0.003232"/>
</kw>
<kw name="POST Usuarios" owner="post_usuarios">
<kw name="Create Dictionary" owner="BuiltIn">
<msg time="2026-02-27T18:49:24.954055" level="INFO">${body} = {'nome': 'Rabelos', 'email': 'steeleelizabeth@example.net', 'password': '1234', 'administrador': 'true'}</msg>
<var>${body}</var>
<arg>nome=Rabelos</arg>
<arg>email=${email}</arg>
<arg>password=1234</arg>
<arg>administrador=true</arg>
<doc>Creates and returns a dictionary based on the given ``items``.</doc>
<status status="PASS" start="2026-02-27T18:49:24.953379" elapsed="0.000919"/>
</kw>
<kw name="POST On Session" owner="RequestsLibrary">
<msg time="2026-02-27T18:49:25.309829" level="INFO">POST Request : url=https://serverest.dev/usuarios 
 path_url=/usuarios 
 headers={'User-Agent': 'python-requests/2.32.5', 'Accept-Encoding': 'gzip, deflate, zstd', 'Accept': '*/*', 'Connection': 'keep-alive', 'Content-Length': '104', 'Content-Type': 'application/json'} 
 body=b'{"nome": "Rabelos", "email": "steeleelizabeth@example.net", "password": "1234", "administrador": "true"}' 
 </msg>
<msg time="2026-02-27T18:49:25.310297" level="INFO">POST Response : url=https://serverest.dev/usuarios 
 status=201, reason=Created 
 headers={'access-control-allow-origin': '*', 'x-dns-prefetch-control': 'off', 'x-frame-options': 'SAMEORIGIN', 'strict-transport-security': 'max-age=15552000; includeSubDomains', 'x-download-options': 'noopen', 'x-content-type-options': 'nosniff', 'x-xss-protection': '1; mode=block', 'content-type': 'application/json; charset=utf-8', 'x-cloud-trace-context': '4eb4b793229bc65bcfc590739e8b66cc', 'date': 'Fri, 27 Feb 2026 21:49:24 GMT', 'server': 'Google Frontend', 'Content-Length': '82'} 
 body={
    "message": "Cadastro realizado com sucesso",
    "_id": "yGstOJuH7cCjpOET"
} 
 </msg>
<msg time="2026-02-27T18:49:25.310641" level="INFO">${response} = &lt;Response [201]&gt;</msg>
<var>${response}</var>
<arg>alias=${serverest.alias}</arg>
<arg>url=/usuarios</arg>
<arg>json=${body}</arg>
<arg>expected_status=201</arg>
<doc>Sends a POST request on a previously created HTTP Session.</doc>
<status status="PASS" start="2026-02-27T18:49:24.954616" elapsed="0.356134"/>
</kw>
<return>
<value>${response}</value>
<status status="PASS" start="2026-02-27T18:49:25.310930" elapsed="0.000132"/>
</return>
<arg>email=${email}</arg>
<status status="PASS" start="2026-02-27T18:49:24.952248" elapsed="0.358993"/>
</kw>
<kw name="Login On Serverest" owner="login">
<kw name="Create Dictionary" owner="BuiltIn">
<msg time="2026-02-27T18:49:25.312420" level="INFO">${body} = {'email': 'steeleelizabeth@example.net', 'password': '1234'}</msg>
<var>${body}</var>
<arg>email=${email}</arg>
<arg>password=${password}</arg>
<doc>Creates and returns a dictionary based on the given ``items``.</doc>
<status status="PASS" start="2026-02-27T18:49:25.312080" elapsed="0.000471"/>
</kw>
<kw name="POST On Session" owner="RequestsLibrary">
<msg time="2026-02-27T18:49:25.473036" level="INFO">POST Request : url=https://serverest.dev/login 
 path_url=/login 
 headers={'User-Agent': 'python-requests/2.32.5', 'Accept-Encoding': 'gzip, deflate, zstd', 'Accept': '*/*', 'Connection': 'keep-alive', 'Content-Length': '60', 'Content-Type': 'application/json'} 
 body=b'{"email": "steeleelizabeth@example.net", "password": "1234"}' 
 </msg>
<msg time="2026-02-27T18:49:25.473317" level="INFO">POST Response : url=https://serverest.dev/login 
 status=200, reason=OK 
 headers={'access-control-allow-origin': '*', 'x-dns-prefetch-control': 'off', 'x-frame-options': 'SAMEORIGIN', 'strict-transport-security': 'max-age=15552000; includeSubDomains', 'x-download-options': 'noopen', 'x-content-type-options': 'nosniff', 'x-xss-protection': '1; mode=block', 'content-type': 'application/json; charset=utf-8', 'x-cloud-trace-context': '730d3ad379179a96cfc590739e8b63ab', 'date': 'Fri, 27 Feb 2026 21:49:24 GMT', 'server': 'Google Frontend', 'Content-Length': '283'} 
 body={
    "message": "Login realizado com sucesso",
    "authorization": "Bearer eyJhbGciOiJIUzI1NiIsInR5cCI6IkpXVCJ9.eyJlbWFpbCI6InN0ZWVsZWVsaXphYmV0aEBleGFtcGxlLm5ldCIsInBhc3N3b3JkIjoiMTIzNCIsImlhdCI6MTc3MjIyODk2NCwiZXhwIjoxNzcyMjI5NTY0fQ.4gvEd25uDGG5V2V8zyvl8oAlCjb-ZIXuOKUMXJngQw0"
} 
 </msg>
<msg time="2026-02-27T18:49:25.473505" level="INFO">${response} = &lt;Response [200]&gt;</msg>
<var>${response}</var>
<arg>alias=${serverest.alias}</arg>
<arg>url=/login</arg>
<arg>json=${body}</arg>
<arg>expected_status=${expected_status}</arg>
<doc>Sends a POST request on a previously created HTTP Session.</doc>
<status status="PASS" start="2026-02-27T18:49:25.312747" elapsed="0.160832"/>
</kw>
<kw name="Create Dictionary" owner="BuiltIn">
<msg time="2026-02-27T18:49:25.474380" level="INFO">${header} = {'Authorization': 'Bearer eyJhbGciOiJIUzI1NiIsInR5cCI6IkpXVCJ9.eyJlbWFpbCI6InN0ZWVsZWVsaXphYmV0aEBleGFtcGxlLm5ldCIsInBhc3N3b3JkIjoiMTIzNCIsImlhdCI6MTc3MjIyODk2NCwiZXhwIjoxNzcyMjI5NTY0fQ.4gvEd25uDGG5V2...</msg>
<var>${header}</var>
<arg>Authorization=${response.json()['authorization']}</arg>
<doc>Creates and returns a dictionary based on the given ``items``.</doc>
<status status="PASS" start="2026-02-27T18:49:25.473805" elapsed="0.000667"/>
</kw>
<kw name="Update Session" owner="RequestsLibrary">
<arg>alias=${serverest.alias}</arg>
<arg>headers=${header}</arg>
<doc>Updates HTTP Session Headers and Cookies.</doc>
<status status="PASS" start="2026-02-27T18:49:25.474628" elapsed="0.000575"/>
</kw>
<return>
<value>${response}</value>
<status status="PASS" start="2026-02-27T18:49:25.475308" elapsed="0.000082"/>
</return>
<arg>email=${email}</arg>
<arg>password=1234</arg>
<status status="PASS" start="2026-02-27T18:49:25.311550" elapsed="0.163972"/>
</kw>
<status status="PASS" start="2026-02-27T18:49:24.943780" elapsed="0.531887"/>
</kw>
<kw name="POST Produtos" owner="post_produtos">
<kw name="Create Dictionary" owner="BuiltIn">
<msg time="2026-02-27T18:49:25.478189" level="INFO">${body} = {'nome': 'produto_980', 'preco': '10', 'descricao': 'Audio', 'quantidade': '1000'}</msg>
<var>${body}</var>
<arg>nome=${nome}</arg>
<arg>preco=${preco}</arg>
<arg>descricao=${descricao}</arg>
<arg>quantidade=${quantidade}</arg>
<doc>Creates and returns a dictionary based on the given ``items``.</doc>
<status status="PASS" start="2026-02-27T18:49:25.477637" elapsed="0.000735"/>
</kw>
<kw name="POST On Session" owner="RequestsLibrary">
<msg time="2026-02-27T18:49:25.637749" level="INFO">POST Request : url=https://serverest.dev/produtos 
 path_url=/produtos 
 headers={'User-Agent': 'python-requests/2.32.5', 'Accept-Encoding': 'gzip, deflate, zstd', 'Accept': '*/*', 'Connection': 'keep-alive', 'Authorization': 'Bearer eyJhbGciOiJIUzI1NiIsInR5cCI6IkpXVCJ9.eyJlbWFpbCI6InN0ZWVsZWVsaXphYmV0aEBleGFtcGxlLm5ldCIsInBhc3N3b3JkIjoiMTIzNCIsImlhdCI6MTc3MjIyODk2NCwiZXhwIjoxNzcyMjI5NTY0fQ.4gvEd25uDGG5V2V8zyvl8oAlCjb-ZIXuOKUMXJngQw0', 'Content-Length': '82', 'Content-Type': 'application/json'} 
 body=b'{"nome": "produto_980", "preco": "10", "descricao": "Audio", "quantidade": "1000"}' 
 </msg>
<msg time="2026-02-27T18:49:25.638096" level="INFO">POST Response : url=https://serverest.dev/produtos 
 status=201, reason=Created 
 headers={'access-control-allow-origin': '*', 'x-dns-prefetch-control': 'off', 'x-frame-options': 'SAMEORIGIN', 'strict-transport-security': 'max-age=15552000; includeSubDomains', 'x-download-options': 'noopen', 'x-content-type-options': 'nosniff', 'x-xss-protection': '1; mode=block', 'content-type': 'application/json; charset=utf-8', 'x-cloud-trace-context': '8e293b1a7ad61b40cfc590739e8b62eb', 'date': 'Fri, 27 Feb 2026 21:49:24 GMT', 'server': 'Google Frontend', 'Content-Length': '82'} 
 body={
    "message": "Cadastro realizado com sucesso",
    "_id": "rUHksGhz06fC8mM6"
} 
 </msg>
<msg time="2026-02-27T18:49:25.638338" level="INFO">${response} = &lt;Response [201]&gt;</msg>
<var>${response}</var>
<arg>alias=${serverest.alias}</arg>
<arg>url=/produtos</arg>
<arg>json=${body}</arg>
<arg>expected_status=201</arg>
<doc>Sends a POST request on a previously created HTTP Session.</doc>
<status status="PASS" start="2026-02-27T18:49:25.478638" elapsed="0.159776"/>
</kw>
<return>
<value>${response}</value>
<status status="PASS" start="2026-02-27T18:49:25.638627" elapsed="0.000142"/>
</return>
<msg time="2026-02-27T18:49:25.639005" level="INFO">${response_post_produtos} = &lt;Response [201]&gt;</msg>
<var>${response_post_produtos}</var>
<arg>produto_${FakerData.random_number(digits=3)}</arg>
<arg>10</arg>
<arg>Audio</arg>
<arg>1000</arg>
<status status="PASS" start="2026-02-27T18:49:25.476473" elapsed="0.162634"/>
</kw>
<kw name="DELETE Produtos" owner="delete_produtos">
<kw name="DELETE On Session" owner="RequestsLibrary">
<msg time="2026-02-27T18:49:25.807019" level="INFO">DELETE Request : url=https://serverest.dev/produtos/rUHksGhz06fC8mM6 
 path_url=/produtos/rUHksGhz06fC8mM6 
 headers={'User-Agent': 'python-requests/2.32.5', 'Accept-Encoding': 'gzip, deflate, zstd', 'Accept': '*/*', 'Connection': 'keep-alive', 'Authorization': 'Bearer eyJhbGciOiJIUzI1NiIsInR5cCI6IkpXVCJ9.eyJlbWFpbCI6InN0ZWVsZWVsaXphYmV0aEBleGFtcGxlLm5ldCIsInBhc3N3b3JkIjoiMTIzNCIsImlhdCI6MTc3MjIyODk2NCwiZXhwIjoxNzcyMjI5NTY0fQ.4gvEd25uDGG5V2V8zyvl8oAlCjb-ZIXuOKUMXJngQw0', 'Content-Length': '0'} 
 body=None 
 </msg>
<msg time="2026-02-27T18:49:25.807748" level="INFO">DELETE Response : url=https://serverest.dev/produtos/rUHksGhz06fC8mM6 
 status=200, reason=OK 
 headers={'access-control-allow-origin': '*', 'x-dns-prefetch-control': 'off', 'x-frame-options': 'SAMEORIGIN', 'strict-transport-security': 'max-age=15552000; includeSubDomains', 'x-download-options': 'noopen', 'x-content-type-options': 'nosniff', 'x-xss-protection': '1; mode=block', 'content-type': 'application/json; charset=utf-8', 'x-cloud-trace-context': '034000bb68900567cfc590739e8b6d69', 'date': 'Fri, 27 Feb 2026 21:49:24 GMT', 'server': 'Google Frontend', 'Content-Length': '51'} 
 body={
    "message": "Registro excluído com sucesso"
} 
 </msg>
<msg time="2026-02-27T18:49:25.808077" level="INFO">${response} = &lt;Response [200]&gt;</msg>
<var>${response}</var>
<arg>alias=${serverest.alias}</arg>
<arg>url=/produtos/${id}</arg>
<arg>expected_status=${expected_status}</arg>
<doc>Sends a DELETE request on a previously created HTTP Session.</doc>
<status status="PASS" start="2026-02-27T18:49:25.644773" elapsed="0.163399"/>
</kw>
<return>
<value>${response}</value>
<status status="PASS" start="2026-02-27T18:49:25.808322" elapsed="0.000133"/>
</return>
<msg time="2026-02-27T18:49:25.808692" level="INFO">${response_delete_produtos} = &lt;Response [200]&gt;</msg>
<var>${response_delete_produtos}</var>
<arg>${response_post_produtos.json()['_id']}</arg>
<status status="PASS" start="2026-02-27T18:49:25.642479" elapsed="0.166345"/>
</kw>
<kw name="Assert DELETE Produtos" owner="delete_produtos">
<if>
<branch type="IF" condition="${response.status_code} == ${200}">
<kw name="Should Be Equal" owner="BuiltIn">
<arg>${response.json()['message']}</arg>
<arg>${message}</arg>
<doc>Fails if the given objects are unequal.</doc>
<status status="PASS" start="2026-02-27T18:49:25.812166" elapsed="0.001391"/>
</kw>
<status status="PASS" start="2026-02-27T18:49:25.810803" elapsed="0.002982"/>
</branch>
<status status="PASS" start="2026-02-27T18:49:25.810732" elapsed="0.003152"/>
</if>
<arg>${response_delete_produtos}</arg>
<arg>Registro excluído com sucesso</arg>
<status status="PASS" start="2026-02-27T18:49:25.809787" elapsed="0.004188"/>
</kw>
<status status="PASS" start="2026-02-27T18:49:24.942806" elapsed="0.872000"/>
</test>
<status status="PASS" start="2026-02-27T18:49:23.218877" elapsed="2.597480"/>
</suite>
<suite id="s1-s3" name="Usuarios" source="c:\Workspace\robotcurses-api\tests\usuarios.robot">
<test id="s1-s3-t1" name="Criar Usuario" line="8">
<kw name="Create Serverest Session" owner="session" type="SETUP">
[...]
<status status="PASS" start="2026-02-27T18:49:26.829271" elapsed="0.000490"/>
</kw>
<kw name="Should Be Equal" owner="BuiltIn">
<arg>${response.json()['administrador']}</arg>
<arg>${administrador}</arg>
<doc>Fails if the given objects are unequal.</doc>
<status status="PASS" start="2026-02-27T18:49:26.830070" elapsed="0.000621"/>
</kw>
<kw name="Should Be Equal" owner="BuiltIn">
<arg>${response.json()['_id']}</arg>
<arg>${id}</arg>
<doc>Fails if the given objects are unequal.</doc>
<status status="PASS" start="2026-02-27T18:49:26.831139" elapsed="0.001553"/>
</kw>
<status status="PASS" start="2026-02-27T18:49:26.826996" elapsed="0.005978"/>
</branch>
<branch type="ELSE IF" condition="${response.status_code} == ${400}">
<try>
<branch type="TRY">
<kw name="Should Be Equal" owner="BuiltIn">
<arg>${response.json()['id']}</arg>
<arg>${message}</arg>
<doc>Fails if the given objects are unequal.</doc>
<status status="NOT RUN" start="2026-02-27T18:49:26.833996" elapsed="0.000123"/>
</kw>
<status status="NOT RUN" start="2026-02-27T18:49:26.833619" elapsed="0.000616"/>
</branch>
<branch type="EXCEPT">
<kw name="Should Be Equal" owner="BuiltIn">
<arg>${response.json()['message']}</arg>
<arg>${message}</arg>
<doc>Fails if the given objects are unequal.</doc>
<status status="NOT RUN" start="2026-02-27T18:49:26.834544" elapsed="0.000078"/>
</kw>
<status status="NOT RUN" start="2026-02-27T18:49:26.834349" elapsed="0.000366"/>
</branch>
<status status="NOT RUN" start="2026-02-27T18:49:26.833524" elapsed="0.001288"/>
</try>
<status status="NOT RUN" start="2026-02-27T18:49:26.833199" elapsed="0.001649"/>
</branch>
<status status="PASS" start="2026-02-27T18:49:26.826958" elapsed="0.007960"/>
</if>
<arg>${response_get_usuarios}</arg>
<arg>nome=Rabelos</arg>
<arg>email=${user_email}</arg>
<arg>password=1234</arg>
<arg>administrador=true</arg>
<arg>id=${response_post_usuarios.json()['_id']}</arg>
<status status="PASS" start="2026-02-27T18:49:26.825512" elapsed="0.009496"/>
</kw>
<status status="PASS" start="2026-02-27T18:49:26.297813" elapsed="0.537795"/>
</test>
<test id="s1-s3-t3" name="Buscar Usuario inexistente" line="27">
<kw name="Create Serverest Session" owner="session" type="SETUP">
<kw name="Create Session" owner="RequestsLibrary">
<msg time="2026-02-27T18:49:26.842567" level="INFO">Creating Session using : alias=serverest, url=https://serverest.dev, headers={},                     cookies={}, auth=None, timeout=None, proxies=None, verify=False,                     debug=0 </msg>
<arg>alias=${serverest.alias}</arg>
<arg>url=${serverest.url}</arg>
<arg>disable_warnings=${True}</arg>
<doc>Create Session: create a HTTP session to a server</doc>
<status status="PASS" start="2026-02-27T18:49:26.840545" elapsed="0.002634"/>
</kw>
<status status="PASS" start="2026-02-27T18:49:26.838995" elapsed="0.004444"/>
</kw>
<kw name="GET Usuarios by id" owner="get_usuarios_id">
<kw name="GET On Session" owner="RequestsLibrary">
<msg time="2026-02-27T18:49:27.220869" level="INFO">GET Request : url=https://serverest.dev/usuarios/1234abc478965412 
 path_url=/usuarios/1234abc478965412 
 headers={'User-Agent': 'python-requests/2.32.5', 'Accept-Encoding': 'gzip, deflate, zstd', 'Accept': '*/*', 'Connection': 'keep-alive'} 
 body=None 
 </msg>
<msg time="2026-02-27T18:49:27.221301" level="INFO">GET Response : url=https://serverest.dev/usuarios/1234abc478965412 
 status=400, reason=Bad Request 
 headers={'access-control-allow-origin': '*', 'x-dns-prefetch-control': 'off', 'x-frame-options': 'SAMEORIGIN', 'strict-transport-security': 'max-age=15552000; includeSubDomains', 'x-download-options': 'noopen', 'x-content-type-options': 'nosniff', 'x-xss-protection': '1; mode=block', 'content-type': 'application/json; charset=utf-8', 'x-cloud-trace-context': '4463352bae90a2be09685c8a17567e42', 'date': 'Fri, 27 Feb 2026 21:49:26 GMT', 'server': 'Google Frontend', 'Content-Length': '45'} 
 body={
    "message": "Usuário não encontrado"
} 
 </msg>
<msg time="2026-02-27T18:49:27.221611" level="INFO">${response} = &lt;Response [400]&gt;</msg>
<var>${response}</var>
<arg>alias=${serverest.alias}</arg>
<arg>url=/usuarios/${id}</arg>
<arg>expected_status=${expected_status}</arg>
<doc>Sends a GET request on a previously created HTTP Session.</doc>
<status status="PASS" start="2026-02-27T18:49:26.845561" elapsed="0.376138"/>
</kw>
<return>
<value>${response}</value>
<status status="PASS" start="2026-02-27T18:49:27.221867" elapsed="0.000132"/>
</return>
<msg time="2026-02-27T18:49:27.222206" level="INFO">${response_get_usuarios} = &lt;Response [400]&gt;</msg>
<var>${response_get_usuarios}</var>
<arg>1234abc478965412</arg>
<arg>400</arg>
<status status="PASS" start="2026-02-27T18:49:26.844350" elapsed="0.377938"/>
</kw>
<kw name="Assert GET Usuarios" owner="get_usuarios_id">
<if>
<branch type="IF" condition="${response.status_code} == ${200}">
<kw name="Should Be Equal" owner="BuiltIn">
<arg>${response.json()['nome']}</arg>
<arg>${nome}</arg>
<doc>Fails if the given objects are unequal.</doc>
<status status="NOT RUN" start="2026-02-27T18:49:27.226098" elapsed="0.000099"/>
</kw>
<kw name="Should Be Equal" owner="BuiltIn">
<arg>${response.json()['email']}</arg>
<arg>${email}</arg>
<doc>Fails if the given objects are unequal.</doc>
<status status="NOT RUN" start="2026-02-27T18:49:27.226392" elapsed="0.000108"/>
</kw>
<kw name="Should Be Equal" owner="BuiltIn">
<arg>${response.json()['password']}</arg>
<arg>${password}</arg>
<doc>Fails if the given objects are unequal.</doc>
<status status="NOT RUN" start="2026-02-27T18:49:27.226653" elapsed="0.000072"/>
</kw>
<kw name="Should Be Equal" owner="BuiltIn">
<arg>${response.json()['administrador']}</arg>
<arg>${administrador}</arg>
<doc>Fails if the given objects are unequal.</doc>
<status status="NOT RUN" start="2026-02-27T18:49:27.226853" elapsed="0.000065"/>
</kw>
<kw name="Should Be Equal" owner="BuiltIn">
<arg>${response.json()['_id']}</arg>
<arg>${id}</arg>
<doc>Fails if the given objects are unequal.</doc>
<status status="NOT RUN" start="2026-02-27T18:49:27.227044" elapsed="0.000066"/>
</kw>
<status status="NOT RUN" start="2026-02-27T18:49:27.225177" elapsed="0.002000"/>
</branch>
<branch type="ELSE IF" condition="${response.status_code} == ${400}">
<try>
<branch type="TRY">
<kw name="Should Be Equal" owner="BuiltIn">
<msg time="2026-02-27T18:49:27.229242" level="FAIL">Resolving variable '${response.json()['id']}' failed: KeyError: 'id'</msg>
<arg>${response.json()['id']}</arg>
<arg>${message}</arg>
<doc>Fails if the given objects are unequal.</doc>
<status status="FAIL" start="2026-02-27T18:49:27.228471" elapsed="0.001048">Resolving variable '${response.json()['id']}' failed: KeyError: 'id'</status>
</kw>
<status status="FAIL" start="2026-02-27T18:49:27.228213" elapsed="0.001640">Resolving variable '${response.json()['id']}' failed: KeyError: 'id'</status>
</branch>
<branch type="EXCEPT">
<kw name="Should Be Equal" owner="BuiltIn">
<arg>${response.json()['message']}</arg>
<arg>${message}</arg>
<doc>Fails if the given objects are unequal.</doc>
<status status="PASS" start="2026-02-27T18:49:27.230650" elapsed="0.001039"/>
</kw>
<status status="PASS" start="2026-02-27T18:49:27.230146" elapsed="0.001722"/>
</branch>
<status status="PASS" start="2026-02-27T18:49:27.228150" elapsed="0.003835"/>
</try>
<status status="PASS" start="2026-02-27T18:49:27.227260" elapsed="0.004763"/>
</branch>
<status status="PASS" start="2026-02-27T18:49:27.225121" elapsed="0.006974"/>
</if>
<arg>${response_get_usuarios}</arg>
<arg>message=Usuário não encontrado</arg>
<status status="PASS" start="2026-02-27T18:49:27.223145" elapsed="0.009029"/>
</kw>
<status status="PASS" start="2026-02-27T18:49:26.837712" elapsed="0.395198"/>
</test>
<test id="s1-s3-t4" name="Realizar busca por Usuario com Id com mais de 16 caracteres" line="32">
<kw name="Create Serverest Session" owner="session" type="SETUP">
<kw name="Create Session" owner="RequestsLibrary">
<msg time="2026-02-27T18:49:27.248562" level="INFO">Creating Session using : alias=serverest, url=https://serverest.dev, headers={},                     cookies={}, auth=None, timeout=None, proxies=None, verify=False,                     debug=0 </msg>
<arg>alias=${serverest.alias}</arg>
<arg>url=${serverest.url}</arg>
<arg>disable_warnings=${True}</arg>
<doc>Create Session: create a HTTP session to a server</doc>
<status status="PASS" start="2026-02-27T18:49:27.245692" elapsed="0.004139"/>
</kw>
<status status="PASS" start="2026-02-27T18:49:27.244293" elapsed="0.006188"/>
</kw>
<kw name="GET Usuarios by id" owner="get_usuarios_id">
<kw name="GET On Session" owner="RequestsLibrary">
<msg time="2026-02-27T18:49:27.610316" level="INFO">GET Request : url=https://serverest.dev/usuarios/123456789LOPOKILJU090 
 path_url=/usuarios/123456789LOPOKILJU090 
 headers={'User-Agent': 'python-requests/2.32.5', 'Accept-Encoding': 'gzip, deflate, zstd', 'Accept': '*/*', 'Connection': 'keep-alive'} 
 body=None 
 </msg>
<msg time="2026-02-27T18:49:27.610747" level="INFO">GET Response : url=https://serverest.dev/usuarios/123456789LOPOKILJU090 
 status=400, reason=Bad Request 
 headers={'access-control-allow-origin': '*', 'x-dns-prefetch-control': 'off', 'x-frame-options': 'SAMEORIGIN', 'strict-transport-security': 'max-age=15552000; includeSubDomains', 'x-download-options': 'noopen', 'x-content-type-options': 'nosniff', 'x-xss-protection': '1; mode=block', 'content-type': 'application/json; charset=utf-8', 'x-cloud-trace-context': '576c2b72cc1b11356e940d38e5f7d2ee', 'date': 'Fri, 27 Feb 2026 21:49:26 GMT', 'server': 'Google Frontend', 'Content-Length': '67'} 
 body={
    "id": "id deve ter exatamente 16 caracteres alfanuméricos"
} 
 </msg>
<msg time="2026-02-27T18:49:27.611010" level="INFO">${response} = &lt;Response [400]&gt;</msg>
<var>${response}</var>
<arg>alias=${serverest.alias}</arg>
<arg>url=/usuarios/${id}</arg>
<arg>expected_status=${expected_status}</arg>
<doc>Sends a GET request on a previously created HTTP Session.</doc>
<status status="PASS" start="2026-02-27T18:49:27.255190" elapsed="0.355926"/>
</kw>
<return>
<value>${response}</value>
<status status="PASS" start="2026-02-27T18:49:27.611288" elapsed="0.000130"/>
</return>
<msg time="2026-02-27T18:49:27.611650" level="INFO">${response_get_usuarios} = &lt;Response [400]&gt;</msg>
<var>${response_get_usuarios}</var>
<arg>123456789LOPOKILJU090</arg>
<arg>400</arg>
<status status="PASS" start="2026-02-27T18:49:27.253610" elapsed="0.358158"/>
</kw>
<kw name="Assert GET Usuarios" owner="get_usuarios_id">
<if>
<branch type="IF" condition="${response.status_code} == ${200}">
<kw name="Should Be Equal" owner="BuiltIn">
<arg>${response.json()['nome']}</arg>
<arg>${nome}</arg>
<doc>Fails if the given objects are unequal.</doc>
<status status="NOT RUN" start="2026-02-27T18:49:27.616027" elapsed="0.000088"/>
</kw>
<kw name="Should Be Equal" owner="BuiltIn">
<arg>${response.json()['email']}</arg>
<arg>${email}</arg>
<doc>Fails if the given objects are unequal.</doc>
<status status="NOT RUN" start="2026-02-27T18:49:27.616452" elapsed="0.000114"/>
</kw>
<kw name="Should Be Equal" owner="BuiltIn">
<arg>${response.json()['password']}</arg>
<arg>${password}</arg>
<doc>Fails if the given objects are unequal.</doc>
<status status="NOT RUN" start="2026-02-27T18:49:27.616819" elapsed="0.000095"/>
</kw>
<kw name="Should Be Equal" owner="BuiltIn">
<arg>${response.json()['administrador']}</arg>
<arg>${administrador}</arg>
<doc>Fails if the given objects are unequal.</doc>
<status status="NOT RUN" start="2026-02-27T18:49:27.617045" elapsed="0.000065"/>
</kw>
<kw name="Should Be Equal" owner="BuiltIn">
<arg>${response.json()['_id']}</arg>
<arg>${id}</arg>
<doc>Fails if the given objects are unequal.</doc>
<status status="NOT RUN" start="2026-02-27T18:49:27.617582" elapsed="0.000221"/>
</kw>
<status status="NOT RUN" start="2026-02-27T18:49:27.615032" elapsed="0.002900"/>
</branch>
<branch type="ELSE IF" condition="${response.status_code} == ${400}">
<try>
<branch type="TRY">
<kw name="Should Be Equal" owner="BuiltIn">
<arg>${response.json()['id']}</arg>
<arg>${message}</arg>
<doc>Fails if the given objects are unequal.</doc>
<status status="PASS" start="2026-02-27T18:49:27.624770" elapsed="0.002206"/>
</kw>
<status status="PASS" start="2026-02-27T18:49:27.623855" elapsed="0.003469"/>
</branch>
<branch type="EXCEPT">
<kw name="Should Be Equal" owner="BuiltIn">
<arg>${response.json()['message']}</arg>
<arg>${message}</arg>
<doc>Fails if the given objects are unequal.</doc>
<status status="NOT RUN" start="2026-02-27T18:49:27.628263" elapsed="0.000307"/>
</kw>
<status status="NOT RUN" start="2026-02-27T18:49:27.627618" elapsed="0.003123"/>
</branch>
<status status="PASS" start="2026-02-27T18:49:27.623670" elapsed="0.007379"/>
</try>
<status status="PASS" start="2026-02-27T18:49:27.618018" elapsed="0.013067"/>
</branch>
<status status="PASS" start="2026-02-27T18:49:27.614983" elapsed="0.016181"/>
</if>
<arg>${response_get_usuarios}</arg>
<arg>message=id deve ter exatamente 16 caracteres alfanuméricos</arg>
<status status="PASS" start="2026-02-27T18:49:27.612764" elapsed="0.018574"/>
</kw>
<status status="PASS" start="2026-02-27T18:49:27.240013" elapsed="0.392019"/>
</test>
<test id="s1-s3-t5" name="Deletar Usuario" line="38">
<kw name="Create Serverest Session" owner="session" type="SETUP">
<kw name="Create Session" owner="RequestsLibrary">
<msg time="2026-02-27T18:49:27.640157" level="INFO">Creating Session using : alias=serverest, url=https://serverest.dev, headers={},                     cookies={}, auth=None, timeout=None, proxies=None, verify=False,                     debug=0 </msg>
<arg>alias=${serverest.alias}</arg>
<arg>url=${serverest.url}</arg>
<arg>disable_warnings=${True}</arg>
<doc>Create Session: create a HTTP session to a server</doc>
<status status="PASS" start="2026-02-27T18:49:27.637410" elapsed="0.003652"/>
</kw>
<status status="PASS" start="2026-02-27T18:49:27.636144" elapsed="0.005404"/>
</kw>
<kw name="POST Usuarios" owner="post_usuarios">
<kw name="Create Dictionary" owner="BuiltIn">
<msg time="2026-02-27T18:49:27.643966" level="INFO">${body} = {'nome': 'Rabelos', 'email': 'testServerest5692@test.com.br', 'password': '1234', 'administrador': 'true'}</msg>
<var>${body}</var>
<arg>nome=Rabelos</arg>
<arg>email=${email}</arg>
<arg>password=1234</arg>
<arg>administrador=true</arg>
<doc>Creates and returns a dictionary based on the given ``items``.</doc>
<status status="PASS" start="2026-02-27T18:49:27.643480" elapsed="0.000697"/>
</kw>
<kw name="POST On Session" owner="RequestsLibrary">
<msg time="2026-02-27T18:49:28.023759" level="INFO">POST Request : url=https://serverest.dev/usuarios 
 path_url=/usuarios 
 headers={'User-Agent': 'python-requests/2.32.5', 'Accept-Encoding': 'gzip, deflate, zstd', 'Accept': '*/*', 'Connection': 'keep-alive', 'Content-Length': '106', 'Content-Type': 'application/json'} 
 body=b'{"nome": "Rabelos", "email": "testServerest5692@test.com.br", "password": "1234", "administrador": "true"}' 
 </msg>
<msg time="2026-02-27T18:49:28.024328" level="INFO">POST Response : url=https://serverest.dev/usuarios 
 status=201, reason=Created 
 headers={'access-control-allow-origin': '*', 'x-dns-prefetch-control': 'off', 'x-frame-options': 'SAMEORIGIN', 'strict-transport-security': 'max-age=15552000; includeSubDomains', 'x-download-options': 'noopen', 'x-content-type-options': 'nosniff', 'x-xss-protection': '1; mode=block', 'content-type': 'application/json; charset=utf-8', 'x-cloud-trace-context': '49982a3da21ece3a049b5a7758113869', 'date': 'Fri, 27 Feb 2026 21:49:27 GMT', 'server': 'Google Frontend', 'Content-Length': '82'} 
 body={
    "message": "Cadastro realizado com sucesso",
    "_id": "ZZyropuSqBmFR8jn"
} 
 </msg>
<msg time="2026-02-27T18:49:28.025139" level="INFO">${response} = &lt;Response [201]&gt;</msg>
<var>${response}</var>
<arg>alias=${serverest.alias}</arg>
<arg>url=/usuarios</arg>
<arg>json=${body}</arg>
<arg>expected_status=201</arg>
<doc>Sends a POST request on a previously created HTTP Session.</doc>
<status status="PASS" start="2026-02-27T18:49:27.644450" elapsed="0.381056"/>
</kw>
<return>
<value>${response}</value>
<status status="PASS" start="2026-02-27T18:49:28.025972" elapsed="0.000386"/>
</return>
<msg time="2026-02-27T18:49:28.026992" level="INFO">${response_post_usuarios} = &lt;Response [201]&gt;</msg>
<var>${response_post_usuarios}</var>
<arg>email=testServerest5692@test.com.br</arg>
<status status="PASS" start="2026-02-27T18:49:27.642568" elapsed="0.384644"/>
</kw>
<kw name="DELETE Usuarios" owner="delete_usuarios">
<kw name="DELETE On Session" owner="RequestsLibrary">
<msg time="2026-02-27T18:49:28.193393" level="INFO">DELETE Request : url=https://serverest.dev/usuarios/ZZyropuSqBmFR8jn 
 path_url=/usuarios/ZZyropuSqBmFR8jn 
 headers={'User-Agent': 'python-requests/2.32.5', 'Accept-Encoding': 'gzip, deflate, zstd', 'Accept': '*/*', 'Connection': 'keep-alive', 'Content-Length': '0'} 
 body=None 
 </msg>
<msg time="2026-02-27T18:49:28.195156" level="INFO">DELETE Response : url=https://serverest.dev/usuarios/ZZyropuSqBmFR8jn 
 status=200, reason=OK 
 headers={'access-control-allow-origin': '*', 'x-dns-prefetch-control': 'off', 'x-frame-options': 'SAMEORIGIN', 'strict-transport-security': 'max-age=15552000; includeSubDomains', 'x-download-options': 'noopen', 'x-content-type-options': 'nosniff', 'x-xss-protection': '1; mode=block', 'content-type': 'application/json; charset=utf-8', 'x-cloud-trace-context': '7c9d816a6b1b2aa7049b5a7758113805;o=1', 'date': 'Fri, 27 Feb 2026 21:49:27 GMT', 'server': 'Google Frontend', 'Content-Length': '51'} 
 body={
    "message": "Registro excluído com sucesso"
} 
 </msg>
<msg time="2026-02-27T18:49:28.196181" level="INFO">${response} = &lt;Response [200]&gt;</msg>
<var>${response}</var>
<arg>alias=${serverest.alias}</arg>
<arg>url=/usuarios/${id}</arg>
<arg>expected_status=${expected_status}</arg>
<doc>Sends a DELETE request on a previously created HTTP Session.</doc>
<status status="PASS" start="2026-02-27T18:49:28.029924" elapsed="0.166727"/>
</kw>
<return>
<value>${response}</value>
<status status="PASS" start="2026-02-27T18:49:28.197153" elapsed="0.000342"/>
</return>
<msg time="2026-02-27T18:49:28.198225" level="INFO">${resonse_delete_usuarios} = &lt;Response [200]&gt;</msg>
<var>${resonse_delete_usuarios}</var>
<arg>${response_post_usuarios.json()['_id']}</arg>
<status status="PASS" start="2026-02-27T18:49:28.028241" elapsed="0.170536"/>
</kw>
<kw name="Assert DELETE Usuarios" owner="delete_usuarios">
<if>
<branch type="IF" condition="${response.status_code} == ${200}">
<kw name="Should Be Equal" owner="BuiltIn">
<arg>${response.json()['message']}</arg>
<arg>${message}</arg>
<doc>Fails if the given objects are unequal.</doc>
<status status="PASS" start="2026-02-27T18:49:28.202579" elapsed="0.001386"/>
</kw>
<status status="PASS" start="2026-02-27T18:49:28.200739" elapsed="0.003578"/>
</branch>
<status status="PASS" start="2026-02-27T18:49:28.200657" elapsed="0.003858"/>
</if>
<arg>${resonse_delete_usuarios}</arg>
<arg>message=Registro excluído com sucesso</arg>
<status status="PASS" start="2026-02-27T18:49:28.199801" elapsed="0.004890"/>
</kw>
<status status="PASS" start="2026-02-27T18:49:27.634180" elapsed="0.571465"/>
</test>
<status status="PASS" start="2026-02-27T18:49:25.818791" elapsed="2.391267"/>
</suite>
<status status="PASS" start="2026-02-27T18:49:19.369589" elapsed="8.842999"/>
</suite>
<statistics>
<total>
<stat pass="11" fail="0" skip="0">All Tests</stat>
</total>
<tag>
</tag>
<suite>
<stat name="Tests" id="s1" pass="11" fail="0" skip="0">Tests</stat>
<stat name="Carrinhos" id="s1-s1" pass="3" fail="0" skip="0">Tests.Carrinhos</stat>
<stat name="Produtos" id="s1-s2" pass="3" fail="0" skip="0">Tests.Produtos</stat>
<stat name="Usuarios" id="s1-s3" pass="5" fail="0" skip="0">Tests.Usuarios</stat>
</suite>
</statistics>
<errors>
</errors>
</robot>
